2017-05-06T17:28:43.830Z - info: T3T9JUKED usage: 45519581
2017-05-06T17:28:43.831Z - info: T02PG39GD usage: 1082064444
2017-05-06T17:28:43.840Z - info: SET_NETWORK_STATUS : "online"
2017-05-06T17:28:43.911Z - info: Checking network connection to Slack...
2017-05-06T17:28:47.373Z - info: Bugsnag user: U02RY6D8B
2017-05-06T17:39:44.363Z - info: Couldn't tickle MS: Cannot read property 'maybeTickleMS' of undefined
2017-05-06T17:40:45.364Z - info: Couldn't tickle MS: Cannot read property 'maybeTickleMS' of undefined
2017-05-06T17:41:46.361Z - info: Couldn't tickle MS: Cannot read property 'maybeTickleMS' of undefined
2017-05-06T17:42:47.361Z - info: Couldn't tickle MS: Cannot read property 'maybeTickleMS' of undefined
2017-05-06T17:43:48.361Z - info: Couldn't tickle MS: Cannot read property 'maybeTickleMS' of undefined
2017-05-06T17:44:49.362Z - info: Couldn't tickle MS: Cannot read property 'maybeTickleMS' of undefined
2017-05-06T17:45:50.364Z - info: Couldn't tickle MS: Cannot read property 'maybeTickleMS' of undefined
2017-05-06T17:46:51.366Z - info: Couldn't tickle MS: Cannot read property 'maybeTickleMS' of undefined
2017-05-06T17:47:52.363Z - info: Couldn't tickle MS: Cannot read property 'maybeTickleMS' of undefined
2017-05-06T17:48:53.366Z - info: Couldn't tickle MS: Cannot read property 'maybeTickleMS' of undefined
2017-05-06T17:49:54.359Z - info: Couldn't tickle MS: Cannot read property 'maybeTickleMS' of undefined
2017-05-06T17:50:55.366Z - info: Couldn't tickle MS: Cannot read property 'maybeTickleMS' of undefined
2017-05-06T17:51:56.361Z - info: Couldn't tickle MS: Cannot read property 'maybeTickleMS' of undefined
2017-05-06T17:52:57.367Z - info: Couldn't tickle MS: Cannot read property 'maybeTickleMS' of undefined
2017-05-06T17:53:58.366Z - info: Couldn't tickle MS: Cannot read property 'maybeTickleMS' of undefined
2017-05-06T17:54:59.363Z - info: Couldn't tickle MS: Cannot read property 'maybeTickleMS' of undefined
2017-05-06T17:56:00.363Z - info: Couldn't tickle MS: Cannot read property 'maybeTickleMS' of undefined
2017-05-06T17:57:01.363Z - info: Couldn't tickle MS: Cannot read property 'maybeTickleMS' of undefined
2017-05-06T17:58:02.360Z - info: Couldn't tickle MS: Cannot read property 'maybeTickleMS' of undefined
2017-05-06T17:59:03.367Z - info: Couldn't tickle MS: Cannot read property 'maybeTickleMS' of undefined
2017-05-06T18:00:04.362Z - info: Couldn't tickle MS: Cannot read property 'maybeTickleMS' of undefined
2017-05-06T18:01:05.363Z - info: Couldn't tickle MS: Cannot read property 'maybeTickleMS' of undefined
2017-05-06T18:01:20.347Z - info: SET_NETWORK_STATUS : "offline"
2017-05-06T18:01:37.347Z - info: Checking network connection to Slack...
2017-05-06T18:01:37.350Z - info: SET_NETWORK_STATUS : "online"
2017-05-06T18:01:39.347Z - info: SET_NETWORK_STATUS : "offline"
2017-05-06T18:01:40.347Z - info: Checking network connection to Slack...
2017-05-06T18:01:43.347Z - info: SET_NETWORK_STATUS : "online"
2017-05-06T18:02:06.363Z - info: Couldn't tickle MS: Cannot read property 'maybeTickleMS' of undefined
2017-05-06T18:03:07.361Z - info: Couldn't tickle MS: Cannot read property 'maybeTickleMS' of undefined
2017-05-06T18:04:08.363Z - info: Couldn't tickle MS: Cannot read property 'maybeTickleMS' of undefined
2017-05-06T18:05:09.365Z - info: Couldn't tickle MS: Cannot read property 'maybeTickleMS' of undefined
2017-05-06T18:06:10.365Z - info: Couldn't tickle MS: Cannot read property 'maybeTickleMS' of undefined
2017-05-06T18:07:11.363Z - info: Couldn't tickle MS: Cannot read property 'maybeTickleMS' of undefined
2017-05-06T18:08:12.361Z - info: Couldn't tickle MS: Cannot read property 'maybeTickleMS' of undefined
2017-05-06T18:09:13.362Z - info: Couldn't tickle MS: Cannot read property 'maybeTickleMS' of undefined
2017-05-06T18:10:14.364Z - info: Couldn't tickle MS: Cannot read property 'maybeTickleMS' of undefined
2017-05-06T18:11:15.362Z - info: Couldn't tickle MS: Cannot read property 'maybeTickleMS' of undefined
2017-05-06T18:12:16.361Z - info: Couldn't tickle MS: Cannot read property 'maybeTickleMS' of undefined
2017-05-06T18:13:17.363Z - info: Couldn't tickle MS: Cannot read property 'maybeTickleMS' of undefined
2017-05-06T18:14:18.363Z - info: Couldn't tickle MS: Cannot read property 'maybeTickleMS' of undefined
2017-05-06T18:15:19.363Z - info: Couldn't tickle MS: Cannot read property 'maybeTickleMS' of undefined
2017-05-06T18:16:20.363Z - info: Couldn't tickle MS: Cannot read property 'maybeTickleMS' of undefined
2017-05-06T18:17:21.360Z - info: Couldn't tickle MS: Cannot read property 'maybeTickleMS' of undefined
2017-05-06T18:18:22.360Z - info: Couldn't tickle MS: Cannot read property 'maybeTickleMS' of undefined
2017-05-06T18:19:23.364Z - info: Couldn't tickle MS: Cannot read property 'maybeTickleMS' of undefined
2017-05-06T18:20:24.362Z - info: Couldn't tickle MS: Cannot read property 'maybeTickleMS' of undefined
2017-05-06T18:21:25.361Z - info: Couldn't tickle MS: Cannot read property 'maybeTickleMS' of undefined
2017-05-06T18:22:26.364Z - info: Couldn't tickle MS: Cannot read property 'maybeTickleMS' of undefined
2017-05-06T18:23:27.362Z - info: Couldn't tickle MS: Cannot read property 'maybeTickleMS' of undefined
2017-05-06T18:24:28.364Z - info: Couldn't tickle MS: Cannot read property 'maybeTickleMS' of undefined
2017-05-06T18:25:29.362Z - info: Couldn't tickle MS: Cannot read property 'maybeTickleMS' of undefined
2017-05-06T18:26:30.363Z - info: Couldn't tickle MS: Cannot read property 'maybeTickleMS' of undefined
2017-05-06T18:27:31.362Z - info: Couldn't tickle MS: Cannot read property 'maybeTickleMS' of undefined
2017-05-06T18:28:32.367Z - info: Couldn't tickle MS: Cannot read property 'maybeTickleMS' of undefined
2017-05-06T18:29:33.363Z - info: Couldn't tickle MS: Cannot read property 'maybeTickleMS' of undefined
2017-05-06T18:30:34.362Z - info: Couldn't tickle MS: Cannot read property 'maybeTickleMS' of undefined
2017-05-06T18:31:35.362Z - info: Couldn't tickle MS: Cannot read property 'maybeTickleMS' of undefined
2017-05-06T18:32:36.360Z - info: Couldn't tickle MS: Cannot read property 'maybeTickleMS' of undefined
2017-05-06T18:33:37.362Z - info: Couldn't tickle MS: Cannot read property 'maybeTickleMS' of undefined
2017-05-06T18:34:38.363Z - info: Couldn't tickle MS: Cannot read property 'maybeTickleMS' of undefined
2017-05-06T18:35:39.361Z - info: Couldn't tickle MS: Cannot read property 'maybeTickleMS' of undefined
2017-05-06T18:36:40.364Z - info: Couldn't tickle MS: Cannot read property 'maybeTickleMS' of undefined
2017-05-06T18:37:41.357Z - info: Couldn't tickle MS: Cannot read property 'maybeTickleMS' of undefined
2017-05-06T18:38:42.363Z - info: Couldn't tickle MS: Cannot read property 'maybeTickleMS' of undefined
2017-05-06T18:39:43.362Z - info: Couldn't tickle MS: Cannot read property 'maybeTickleMS' of undefined
2017-05-06T18:40:44.361Z - info: Couldn't tickle MS: Cannot read property 'maybeTickleMS' of undefined
2017-05-06T18:41:45.362Z - info: Couldn't tickle MS: Cannot read property 'maybeTickleMS' of undefined
2017-05-06T18:42:46.361Z - info: Couldn't tickle MS: Cannot read property 'maybeTickleMS' of undefined
2017-05-06T18:43:47.363Z - info: Couldn't tickle MS: Cannot read property 'maybeTickleMS' of undefined
2017-05-06T18:44:48.362Z - info: Couldn't tickle MS: Cannot read property 'maybeTickleMS' of undefined
2017-05-06T18:45:49.361Z - info: Couldn't tickle MS: Cannot read property 'maybeTickleMS' of undefined
2017-05-06T18:46:50.364Z - info: Couldn't tickle MS: Cannot read property 'maybeTickleMS' of undefined
2017-05-06T18:47:51.366Z - info: Couldn't tickle MS: Cannot read property 'maybeTickleMS' of undefined
2017-05-06T18:48:52.361Z - info: Couldn't tickle MS: Cannot read property 'maybeTickleMS' of undefined
2017-05-06T18:49:53.362Z - info: Couldn't tickle MS: Cannot read property 'maybeTickleMS' of undefined
2017-05-06T18:50:54.363Z - info: Couldn't tickle MS: Cannot read property 'maybeTickleMS' of undefined
2017-05-06T18:51:55.364Z - info: Couldn't tickle MS: Cannot read property 'maybeTickleMS' of undefined
2017-05-06T18:52:56.362Z - info: Couldn't tickle MS: Cannot read property 'maybeTickleMS' of undefined
2017-05-06T18:53:57.362Z - info: Couldn't tickle MS: Cannot read property 'maybeTickleMS' of undefined
2017-05-06T18:54:58.361Z - info: Couldn't tickle MS: Cannot read property 'maybeTickleMS' of undefined
2017-05-06T18:55:59.368Z - info: Couldn't tickle MS: Cannot read property 'maybeTickleMS' of undefined
2017-05-06T18:57:00.363Z - info: Couldn't tickle MS: Cannot read property 'maybeTickleMS' of undefined
2017-05-06T18:58:01.357Z - info: Couldn't tickle MS: Cannot read property 'maybeTickleMS' of undefined
2017-05-06T18:59:02.372Z - info: Couldn't tickle MS: Cannot read property 'maybeTickleMS' of undefined
2017-05-06T19:00:03.365Z - info: Couldn't tickle MS: Cannot read property 'maybeTickleMS' of undefined
2017-05-06T19:01:04.363Z - info: Couldn't tickle MS: Cannot read property 'maybeTickleMS' of undefined
2017-05-06T19:02:05.359Z - info: Couldn't tickle MS: Cannot read property 'maybeTickleMS' of undefined
2017-05-06T19:03:06.364Z - info: Couldn't tickle MS: Cannot read property 'maybeTickleMS' of undefined
2017-05-06T19:04:07.365Z - info: Couldn't tickle MS: Cannot read property 'maybeTickleMS' of undefined
2017-05-06T19:05:08.369Z - info: Couldn't tickle MS: Cannot read property 'maybeTickleMS' of undefined
2017-05-06T19:06:09.365Z - info: Couldn't tickle MS: Cannot read property 'maybeTickleMS' of undefined
2017-05-06T19:07:10.362Z - info: Couldn't tickle MS: Cannot read property 'maybeTickleMS' of undefined
2017-05-06T19:08:11.362Z - info: Couldn't tickle MS: Cannot read property 'maybeTickleMS' of undefined
2017-05-06T19:09:12.355Z - info: Couldn't tickle MS: Cannot read property 'maybeTickleMS' of undefined
2017-05-06T19:10:13.360Z - info: Couldn't tickle MS: Cannot read property 'maybeTickleMS' of undefined
2017-05-06T19:11:14.363Z - info: Couldn't tickle MS: Cannot read property 'maybeTickleMS' of undefined
2017-05-06T19:12:15.361Z - info: Couldn't tickle MS: Cannot read property 'maybeTickleMS' of undefined
2017-05-06T19:13:16.365Z - info: Couldn't tickle MS: Cannot read property 'maybeTickleMS' of undefined
2017-05-06T19:14:17.365Z - info: Couldn't tickle MS: Cannot read property 'maybeTickleMS' of undefined
2017-05-06T19:15:18.360Z - info: Couldn't tickle MS: Cannot read property 'maybeTickleMS' of undefined
2017-05-06T19:16:19.361Z - info: Couldn't tickle MS: Cannot read property 'maybeTickleMS' of undefined
2017-05-06T19:17:20.364Z - info: Couldn't tickle MS: Cannot read property 'maybeTickleMS' of undefined
2017-05-06T19:18:21.358Z - info: Couldn't tickle MS: Cannot read property 'maybeTickleMS' of undefined
2017-05-06T19:19:22.361Z - info: Couldn't tickle MS: Cannot read property 'maybeTickleMS' of undefined
2017-05-06T19:20:23.360Z - info: Couldn't tickle MS: Cannot read property 'maybeTickleMS' of undefined
2017-05-06T19:21:24.363Z - info: Couldn't tickle MS: Cannot read property 'maybeTickleMS' of undefined
2017-05-06T19:22:25.361Z - info: Couldn't tickle MS: Cannot read property 'maybeTickleMS' of undefined
2017-05-06T19:23:26.383Z - info: Couldn't tickle MS: Cannot read property 'maybeTickleMS' of undefined
2017-05-06T19:24:27.374Z - info: Couldn't tickle MS: Cannot read property 'maybeTickleMS' of undefined
2017-05-06T19:25:27.377Z - info: Couldn't tickle MS: Cannot read property 'maybeTickleMS' of undefined
2017-05-06T19:26:27.383Z - info: Couldn't tickle MS: Cannot read property 'maybeTickleMS' of undefined
2017-05-06T19:27:27.393Z - info: Couldn't tickle MS: Cannot read property 'maybeTickleMS' of undefined
2017-05-06T19:28:27.399Z - info: Couldn't tickle MS: Cannot read property 'maybeTickleMS' of undefined
2017-05-06T19:29:27.403Z - info: Couldn't tickle MS: Cannot read property 'maybeTickleMS' of undefined
2017-05-06T19:30:27.414Z - info: Couldn't tickle MS: Cannot read property 'maybeTickleMS' of undefined
2017-05-06T19:31:27.425Z - info: Couldn't tickle MS: Cannot read property 'maybeTickleMS' of undefined
2017-05-06T19:32:27.431Z - info: Couldn't tickle MS: Cannot read property 'maybeTickleMS' of undefined
2017-05-06T19:33:27.440Z - info: Couldn't tickle MS: Cannot read property 'maybeTickleMS' of undefined
2017-05-06T19:34:27.448Z - info: Couldn't tickle MS: Cannot read property 'maybeTickleMS' of undefined
2017-05-06T19:35:27.455Z - info: Couldn't tickle MS: Cannot read property 'maybeTickleMS' of undefined
2017-05-06T19:36:27.463Z - info: Couldn't tickle MS: Cannot read property 'maybeTickleMS' of undefined
2017-05-06T19:37:27.472Z - info: Couldn't tickle MS: Cannot read property 'maybeTickleMS' of undefined
2017-05-06T19:38:27.476Z - info: Couldn't tickle MS: Cannot read property 'maybeTickleMS' of undefined
2017-05-06T19:39:28.360Z - info: Couldn't tickle MS: Cannot read property 'maybeTickleMS' of undefined
2017-05-06T19:40:29.362Z - info: Couldn't tickle MS: Cannot read property 'maybeTickleMS' of undefined
2017-05-06T19:41:30.362Z - info: Couldn't tickle MS: Cannot read property 'maybeTickleMS' of undefined
2017-05-06T19:42:31.360Z - info: Couldn't tickle MS: Cannot read property 'maybeTickleMS' of undefined
2017-05-06T19:43:32.358Z - info: Couldn't tickle MS: Cannot read property 'maybeTickleMS' of undefined
2017-05-06T19:44:33.360Z - info: Couldn't tickle MS: Cannot read property 'maybeTickleMS' of undefined
2017-05-06T19:45:34.361Z - info: Couldn't tickle MS: Cannot read property 'maybeTickleMS' of undefined
2017-05-06T19:46:35.362Z - info: Couldn't tickle MS: Cannot read property 'maybeTickleMS' of undefined
2017-05-06T19:47:36.363Z - info: Couldn't tickle MS: Cannot read property 'maybeTickleMS' of undefined
2017-05-06T19:48:37.361Z - info: Couldn't tickle MS: Cannot read property 'maybeTickleMS' of undefined
2017-05-06T19:49:38.363Z - info: Couldn't tickle MS: Cannot read property 'maybeTickleMS' of undefined
2017-05-06T19:50:39.360Z - info: Couldn't tickle MS: Cannot read property 'maybeTickleMS' of undefined
2017-05-06T19:51:40.363Z - info: Couldn't tickle MS: Cannot read property 'maybeTickleMS' of undefined
2017-05-06T19:52:41.371Z - info: Couldn't tickle MS: Cannot read property 'maybeTickleMS' of undefined
2017-05-06T19:53:41.366Z - info: Couldn't tickle MS: Cannot read property 'maybeTickleMS' of undefined
2017-05-06T19:54:41.372Z - info: Couldn't tickle MS: Cannot read property 'maybeTickleMS' of undefined
2017-05-06T19:55:41.375Z - info: Couldn't tickle MS: Cannot read property 'maybeTickleMS' of undefined
2017-05-06T19:56:41.387Z - info: Couldn't tickle MS: Cannot read property 'maybeTickleMS' of undefined
2017-05-06T19:57:41.393Z - info: Couldn't tickle MS: Cannot read property 'maybeTickleMS' of undefined
2017-05-06T19:58:41.399Z - info: Couldn't tickle MS: Cannot read property 'maybeTickleMS' of undefined
2017-05-06T19:59:41.405Z - info: Couldn't tickle MS: Cannot read property 'maybeTickleMS' of undefined
2017-05-06T20:00:41.414Z - info: Couldn't tickle MS: Cannot read property 'maybeTickleMS' of undefined
2017-05-06T20:01:41.418Z - info: Couldn't tickle MS: Cannot read property 'maybeTickleMS' of undefined
2017-05-06T20:02:41.428Z - info: Couldn't tickle MS: Cannot read property 'maybeTickleMS' of undefined
2017-05-06T20:03:41.439Z - info: Couldn't tickle MS: Cannot read property 'maybeTickleMS' of undefined
2017-05-06T20:04:41.444Z - info: Couldn't tickle MS: Cannot read property 'maybeTickleMS' of undefined
2017-05-06T20:05:41.450Z - info: Couldn't tickle MS: Cannot read property 'maybeTickleMS' of undefined
2017-05-06T20:06:41.461Z - info: Couldn't tickle MS: Cannot read property 'maybeTickleMS' of undefined
2017-05-06T20:07:41.467Z - info: Couldn't tickle MS: Cannot read property 'maybeTickleMS' of undefined
2017-05-06T20:08:41.474Z - info: Couldn't tickle MS: Cannot read property 'maybeTickleMS' of undefined
2017-05-06T20:09:41.481Z - info: Couldn't tickle MS: Cannot read property 'maybeTickleMS' of undefined
2017-05-06T20:10:41.486Z - info: Couldn't tickle MS: Cannot read property 'maybeTickleMS' of undefined
2017-05-06T20:11:41.495Z - info: Couldn't tickle MS: Cannot read property 'maybeTickleMS' of undefined
2017-05-06T20:12:41.501Z - info: Couldn't tickle MS: Cannot read property 'maybeTickleMS' of undefined
2017-05-06T20:13:41.505Z - info: Couldn't tickle MS: Cannot read property 'maybeTickleMS' of undefined
2017-05-06T20:14:41.513Z - info: Couldn't tickle MS: Cannot read property 'maybeTickleMS' of undefined
2017-05-06T20:15:41.520Z - info: Couldn't tickle MS: Cannot read property 'maybeTickleMS' of undefined
2017-05-06T20:16:41.529Z - info: Couldn't tickle MS: Cannot read property 'maybeTickleMS' of undefined
2017-05-06T20:17:41.534Z - info: Couldn't tickle MS: Cannot read property 'maybeTickleMS' of undefined
2017-05-06T20:18:41.542Z - info: Couldn't tickle MS: Cannot read property 'maybeTickleMS' of undefined
2017-05-06T20:19:41.549Z - info: Couldn't tickle MS: Cannot read property 'maybeTickleMS' of undefined
2017-05-06T20:20:41.557Z - info: Couldn't tickle MS: Cannot read property 'maybeTickleMS' of undefined
2017-05-06T20:21:41.563Z - info: Couldn't tickle MS: Cannot read property 'maybeTickleMS' of undefined
2017-05-06T20:22:41.571Z - info: Couldn't tickle MS: Cannot read property 'maybeTickleMS' of undefined
2017-05-06T20:23:41.577Z - info: Couldn't tickle MS: Cannot read property 'maybeTickleMS' of undefined
2017-05-06T20:24:41.583Z - info: Couldn't tickle MS: Cannot read property 'maybeTickleMS' of undefined
2017-05-06T20:25:41.586Z - info: Couldn't tickle MS: Cannot read property 'maybeTickleMS' of undefined
2017-05-06T20:26:41.593Z - info: Couldn't tickle MS: Cannot read property 'maybeTickleMS' of undefined
2017-05-06T20:27:41.597Z - info: Couldn't tickle MS: Cannot read property 'maybeTickleMS' of undefined
2017-05-06T20:28:41.606Z - info: Couldn't tickle MS: Cannot read property 'maybeTickleMS' of undefined
2017-05-06T20:29:41.611Z - info: Couldn't tickle MS: Cannot read property 'maybeTickleMS' of undefined
2017-05-06T20:30:41.619Z - info: Couldn't tickle MS: Cannot read property 'maybeTickleMS' of undefined
2017-05-06T20:31:41.628Z - info: Couldn't tickle MS: Cannot read property 'maybeTickleMS' of undefined
2017-05-06T20:32:41.636Z - info: Couldn't tickle MS: Cannot read property 'maybeTickleMS' of undefined
2017-05-06T20:33:41.644Z - info: Couldn't tickle MS: Cannot read property 'maybeTickleMS' of undefined
2017-05-06T20:34:41.652Z - info: Couldn't tickle MS: Cannot read property 'maybeTickleMS' of undefined
2017-05-06T20:35:41.656Z - info: Couldn't tickle MS: Cannot read property 'maybeTickleMS' of undefined
2017-05-06T20:36:41.661Z - info: Couldn't tickle MS: Cannot read property 'maybeTickleMS' of undefined
2017-05-06T20:37:41.669Z - info: Couldn't tickle MS: Cannot read property 'maybeTickleMS' of undefined
2017-05-06T20:38:41.675Z - info: Couldn't tickle MS: Cannot read property 'maybeTickleMS' of undefined
2017-05-06T20:39:41.681Z - info: Couldn't tickle MS: Cannot read property 'maybeTickleMS' of undefined
2017-05-06T20:40:41.687Z - info: Couldn't tickle MS: Cannot read property 'maybeTickleMS' of undefined
2017-05-06T20:41:41.694Z - info: Couldn't tickle MS: Cannot read property 'maybeTickleMS' of undefined
2017-05-06T20:42:41.701Z - info: Couldn't tickle MS: Cannot read property 'maybeTickleMS' of undefined
2017-05-06T20:43:41.709Z - info: Couldn't tickle MS: Cannot read property 'maybeTickleMS' of undefined
2017-05-06T20:44:41.713Z - info: Couldn't tickle MS: Cannot read property 'maybeTickleMS' of undefined
2017-05-06T20:45:41.723Z - info: Couldn't tickle MS: Cannot read property 'maybeTickleMS' of undefined
2017-05-06T20:46:41.728Z - info: Couldn't tickle MS: Cannot read property 'maybeTickleMS' of undefined
2017-05-06T20:47:41.738Z - info: Couldn't tickle MS: Cannot read property 'maybeTickleMS' of undefined
2017-05-06T20:48:42.361Z - info: Couldn't tickle MS: Cannot read property 'maybeTickleMS' of undefined
2017-05-06T20:49:43.359Z - info: Couldn't tickle MS: Cannot read property 'maybeTickleMS' of undefined
2017-05-06T20:50:44.358Z - info: Couldn't tickle MS: Cannot read property 'maybeTickleMS' of undefined
2017-05-06T20:51:45.364Z - info: Couldn't tickle MS: Cannot read property 'maybeTickleMS' of undefined
2017-05-06T20:52:46.362Z - info: Couldn't tickle MS: Cannot read property 'maybeTickleMS' of undefined
2017-05-06T20:53:47.362Z - info: Couldn't tickle MS: Cannot read property 'maybeTickleMS' of undefined
2017-05-06T20:54:48.362Z - info: Couldn't tickle MS: Cannot read property 'maybeTickleMS' of undefined
2017-05-06T20:55:49.363Z - info: Couldn't tickle MS: Cannot read property 'maybeTickleMS' of undefined
2017-05-06T20:56:50.362Z - info: Couldn't tickle MS: Cannot read property 'maybeTickleMS' of undefined
2017-05-06T20:57:51.361Z - info: Couldn't tickle MS: Cannot read property 'maybeTickleMS' of undefined
2017-05-06T20:58:52.361Z - info: Couldn't tickle MS: Cannot read property 'maybeTickleMS' of undefined
2017-05-06T20:59:53.362Z - info: Couldn't tickle MS: Cannot read property 'maybeTickleMS' of undefined
2017-05-06T21:00:54.363Z - info: Couldn't tickle MS: Cannot read property 'maybeTickleMS' of undefined
2017-05-06T21:01:55.366Z - info: Couldn't tickle MS: Cannot read property 'maybeTickleMS' of undefined
2017-05-06T21:02:56.364Z - info: Couldn't tickle MS: Cannot read property 'maybeTickleMS' of undefined
2017-05-06T21:03:57.363Z - info: Couldn't tickle MS: Cannot read property 'maybeTickleMS' of undefined
2017-05-06T23:49:40.364Z - info: Couldn't tickle MS: Cannot read property 'maybeTickleMS' of undefined
2017-05-06T23:50:41.361Z - info: Couldn't tickle MS: Cannot read property 'maybeTickleMS' of undefined
2017-05-06T23:51:42.361Z - info: Couldn't tickle MS: Cannot read property 'maybeTickleMS' of undefined
2017-05-06T23:52:43.357Z - info: Couldn't tickle MS: Cannot read property 'maybeTickleMS' of undefined
2017-05-06T23:53:44.364Z - info: Couldn't tickle MS: Cannot read property 'maybeTickleMS' of undefined
2017-05-06T23:54:45.361Z - info: Couldn't tickle MS: Cannot read property 'maybeTickleMS' of undefined
2017-05-06T23:55:46.365Z - info: Couldn't tickle MS: Cannot read property 'maybeTickleMS' of undefined
2017-05-06T23:56:47.364Z - info: Couldn't tickle MS: Cannot read property 'maybeTickleMS' of undefined
2017-05-06T23:57:48.361Z - info: Couldn't tickle MS: Cannot read property 'maybeTickleMS' of undefined
2017-05-06T23:58:49.361Z - info: Couldn't tickle MS: Cannot read property 'maybeTickleMS' of undefined
2017-05-06T23:59:50.363Z - info: Couldn't tickle MS: Cannot read property 'maybeTickleMS' of undefined
2017-05-07T00:00:51.365Z - info: Couldn't tickle MS: Cannot read property 'maybeTickleMS' of undefined
2017-05-07T00:01:52.363Z - info: Couldn't tickle MS: Cannot read property 'maybeTickleMS' of undefined
2017-05-07T00:02:53.363Z - info: Couldn't tickle MS: Cannot read property 'maybeTickleMS' of undefined
2017-05-07T00:31:21.359Z - info: Couldn't tickle MS: Cannot read property 'maybeTickleMS' of undefined
2017-05-07T00:32:22.363Z - info: Couldn't tickle MS: Cannot read property 'maybeTickleMS' of undefined
2017-05-07T00:33:23.363Z - info: Couldn't tickle MS: Cannot read property 'maybeTickleMS' of undefined
2017-05-07T00:34:24.362Z - info: Couldn't tickle MS: Cannot read property 'maybeTickleMS' of undefined
2017-05-07T00:35:25.363Z - info: Couldn't tickle MS: Cannot read property 'maybeTickleMS' of undefined
2017-05-07T00:36:26.362Z - info: Couldn't tickle MS: Cannot read property 'maybeTickleMS' of undefined
2017-05-07T00:37:27.362Z - info: Couldn't tickle MS: Cannot read property 'maybeTickleMS' of undefined
2017-05-07T00:38:28.364Z - info: Couldn't tickle MS: Cannot read property 'maybeTickleMS' of undefined
2017-05-07T00:39:29.363Z - info: Couldn't tickle MS: Cannot read property 'maybeTickleMS' of undefined
2017-05-07T00:40:30.362Z - info: Couldn't tickle MS: Cannot read property 'maybeTickleMS' of undefined
2017-05-07T00:41:31.362Z - info: Couldn't tickle MS: Cannot read property 'maybeTickleMS' of undefined
2017-05-07T00:42:32.362Z - info: Couldn't tickle MS: Cannot read property 'maybeTickleMS' of undefined
2017-05-07T00:43:33.362Z - info: Couldn't tickle MS: Cannot read property 'maybeTickleMS' of undefined
2017-05-07T00:44:34.362Z - info: Couldn't tickle MS: Cannot read property 'maybeTickleMS' of undefined
2017-05-07T00:45:35.362Z - info: Couldn't tickle MS: Cannot read property 'maybeTickleMS' of undefined
2017-05-07T00:46:36.364Z - info: Couldn't tickle MS: Cannot read property 'maybeTickleMS' of undefined
2017-05-07T00:47:37.364Z - info: Couldn't tickle MS: Cannot read property 'maybeTickleMS' of undefined
2017-05-07T00:48:38.360Z - info: Couldn't tickle MS: Cannot read property 'maybeTickleMS' of undefined
2017-05-07T00:49:39.363Z - info: Couldn't tickle MS: Cannot read property 'maybeTickleMS' of undefined
2017-05-07T00:50:40.364Z - info: Couldn't tickle MS: Cannot read property 'maybeTickleMS' of undefined
2017-05-07T00:51:41.361Z - info: Couldn't tickle MS: Cannot read property 'maybeTickleMS' of undefined
2017-05-07T14:35:11.368Z - info: Couldn't tickle MS: Cannot read property 'maybeTickleMS' of undefined
2017-05-07T14:36:12.364Z - info: Couldn't tickle MS: Cannot read property 'maybeTickleMS' of undefined
2017-05-07T14:37:13.362Z - info: Couldn't tickle MS: Cannot read property 'maybeTickleMS' of undefined
2017-05-07T14:38:14.360Z - info: Couldn't tickle MS: Cannot read property 'maybeTickleMS' of undefined
2017-05-07T14:39:15.360Z - info: Couldn't tickle MS: Cannot read property 'maybeTickleMS' of undefined
2017-05-07T14:40:16.360Z - info: Couldn't tickle MS: Cannot read property 'maybeTickleMS' of undefined
2017-05-07T14:41:17.362Z - info: Couldn't tickle MS: Cannot read property 'maybeTickleMS' of undefined
2017-05-07T14:42:18.359Z - info: Couldn't tickle MS: Cannot read property 'maybeTickleMS' of undefined
2017-05-07T14:43:19.364Z - info: Couldn't tickle MS: Cannot read property 'maybeTickleMS' of undefined
2017-05-07T14:44:20.363Z - info: Couldn't tickle MS: Cannot read property 'maybeTickleMS' of undefined
2017-05-07T14:45:21.359Z - info: Couldn't tickle MS: Cannot read property 'maybeTickleMS' of undefined
2017-05-07T14:46:22.361Z - info: Couldn't tickle MS: Cannot read property 'maybeTickleMS' of undefined
2017-05-07T14:47:23.363Z - info: Couldn't tickle MS: Cannot read property 'maybeTickleMS' of undefined
2017-05-07T14:48:24.358Z - info: Couldn't tickle MS: Cannot read property 'maybeTickleMS' of undefined
2017-05-07T14:49:25.360Z - info: Couldn't tickle MS: Cannot read property 'maybeTickleMS' of undefined
2017-05-07T14:50:26.362Z - info: Couldn't tickle MS: Cannot read property 'maybeTickleMS' of undefined
2017-05-07T14:51:27.363Z - info: Couldn't tickle MS: Cannot read property 'maybeTickleMS' of undefined
2017-05-07T14:52:28.362Z - info: Couldn't tickle MS: Cannot read property 'maybeTickleMS' of undefined
2017-05-07T14:53:29.364Z - info: Couldn't tickle MS: Cannot read property 'maybeTickleMS' of undefined
2017-05-07T14:54:30.362Z - info: Couldn't tickle MS: Cannot read property 'maybeTickleMS' of undefined
2017-05-07T14:55:31.363Z - info: Couldn't tickle MS: Cannot read property 'maybeTickleMS' of undefined
2017-05-07T14:56:32.359Z - info: Couldn't tickle MS: Cannot read property 'maybeTickleMS' of undefined
2017-05-07T14:57:33.362Z - info: Couldn't tickle MS: Cannot read property 'maybeTickleMS' of undefined
2017-05-07T14:58:34.362Z - info: Couldn't tickle MS: Cannot read property 'maybeTickleMS' of undefined
2017-05-07T14:59:35.361Z - info: Couldn't tickle MS: Cannot read property 'maybeTickleMS' of undefined
2017-05-07T15:00:36.360Z - info: Couldn't tickle MS: Cannot read property 'maybeTickleMS' of undefined
2017-05-07T15:01:37.361Z - info: Couldn't tickle MS: Cannot read property 'maybeTickleMS' of undefined
2017-05-07T15:02:38.359Z - info: Couldn't tickle MS: Cannot read property 'maybeTickleMS' of undefined
2017-05-07T15:03:39.362Z - info: Couldn't tickle MS: Cannot read property 'maybeTickleMS' of undefined
2017-05-07T15:04:40.362Z - info: Couldn't tickle MS: Cannot read property 'maybeTickleMS' of undefined
2017-05-07T15:05:41.361Z - info: Couldn't tickle MS: Cannot read property 'maybeTickleMS' of undefined
2017-05-07T15:06:42.361Z - info: Couldn't tickle MS: Cannot read property 'maybeTickleMS' of undefined
2017-05-07T15:28:03.364Z - info: Couldn't tickle MS: Cannot read property 'maybeTickleMS' of undefined
2017-05-07T15:29:04.357Z - info: Couldn't tickle MS: Cannot read property 'maybeTickleMS' of undefined
2017-05-07T15:30:05.360Z - info: Couldn't tickle MS: Cannot read property 'maybeTickleMS' of undefined
2017-05-07T15:31:06.362Z - info: Couldn't tickle MS: Cannot read property 'maybeTickleMS' of undefined
2017-05-07T15:32:07.361Z - info: Couldn't tickle MS: Cannot read property 'maybeTickleMS' of undefined
2017-05-07T15:33:08.364Z - info: Couldn't tickle MS: Cannot read property 'maybeTickleMS' of undefined
2017-05-07T15:34:09.364Z - info: Couldn't tickle MS: Cannot read property 'maybeTickleMS' of undefined
2017-05-07T15:35:10.363Z - info: Couldn't tickle MS: Cannot read property 'maybeTickleMS' of undefined
2017-05-07T15:36:11.364Z - info: Couldn't tickle MS: Cannot read property 'maybeTickleMS' of undefined
2017-05-07T15:37:12.361Z - info: Couldn't tickle MS: Cannot read property 'maybeTickleMS' of undefined
2017-05-07T15:38:13.361Z - info: Couldn't tickle MS: Cannot read property 'maybeTickleMS' of undefined
2017-05-07T15:39:14.360Z - info: Couldn't tickle MS: Cannot read property 'maybeTickleMS' of undefined
2017-05-07T15:40:15.359Z - info: Couldn't tickle MS: Cannot read property 'maybeTickleMS' of undefined
2017-05-07T15:41:16.361Z - info: Couldn't tickle MS: Cannot read property 'maybeTickleMS' of undefined
2017-05-07T15:42:17.360Z - info: Couldn't tickle MS: Cannot read property 'maybeTickleMS' of undefined
2017-05-07T15:43:18.361Z - info: Couldn't tickle MS: Cannot read property 'maybeTickleMS' of undefined
2017-05-07T15:44:19.358Z - info: Couldn't tickle MS: Cannot read property 'maybeTickleMS' of undefined
2017-05-07T15:45:20.361Z - info: Couldn't tickle MS: Cannot read property 'maybeTickleMS' of undefined
2017-05-07T15:46:21.360Z - info: Couldn't tickle MS: Cannot read property 'maybeTickleMS' of undefined
2017-05-07T15:47:22.361Z - info: Couldn't tickle MS: Cannot read property 'maybeTickleMS' of undefined
2017-05-07T15:48:23.359Z - info: Couldn't tickle MS: Cannot read property 'maybeTickleMS' of undefined
2017-05-07T15:49:24.362Z - info: Couldn't tickle MS: Cannot read property 'maybeTickleMS' of undefined
2017-05-07T15:50:25.361Z - info: Couldn't tickle MS: Cannot read property 'maybeTickleMS' of undefined
2017-05-07T15:51:26.360Z - info: Couldn't tickle MS: Cannot read property 'maybeTickleMS' of undefined
2017-05-07T15:52:27.361Z - info: Couldn't tickle MS: Cannot read property 'maybeTickleMS' of undefined
2017-05-07T15:53:28.360Z - info: Couldn't tickle MS: Cannot read property 'maybeTickleMS' of undefined
2017-05-07T15:54:29.360Z - info: Couldn't tickle MS: Cannot read property 'maybeTickleMS' of undefined
2017-05-07T15:55:30.366Z - info: Couldn't tickle MS: Cannot read property 'maybeTickleMS' of undefined
2017-05-07T15:56:31.359Z - info: Couldn't tickle MS: Cannot read property 'maybeTickleMS' of undefined
2017-05-07T15:57:32.360Z - info: Couldn't tickle MS: Cannot read property 'maybeTickleMS' of undefined
2017-05-07T15:58:33.360Z - info: Couldn't tickle MS: Cannot read property 'maybeTickleMS' of undefined
2017-05-07T15:59:34.360Z - info: Couldn't tickle MS: Cannot read property 'maybeTickleMS' of undefined
2017-05-07T16:00:35.358Z - info: Couldn't tickle MS: Cannot read property 'maybeTickleMS' of undefined
2017-05-07T16:01:36.363Z - info: Couldn't tickle MS: Cannot read property 'maybeTickleMS' of undefined
2017-05-07T16:02:37.360Z - info: Couldn't tickle MS: Cannot read property 'maybeTickleMS' of undefined
2017-05-07T16:03:38.364Z - info: Couldn't tickle MS: Cannot read property 'maybeTickleMS' of undefined
2017-05-07T16:04:39.364Z - info: Couldn't tickle MS: Cannot read property 'maybeTickleMS' of undefined
2017-05-07T16:05:40.364Z - info: Couldn't tickle MS: Cannot read property 'maybeTickleMS' of undefined
