2017-04-27T16:33:09.249Z - info: T3T9JUKED usage: 45519581
2017-04-27T16:33:09.251Z - info: T02PG39GD usage: 1082064283
2017-04-27T16:33:09.270Z - info: SET_NETWORK_STATUS : "online"
2017-04-27T16:33:09.416Z - info: Checking network connection to Slack...
2017-04-27T16:33:09.484Z - info: Bugsnag user: U02RY6D8B
2017-04-27T16:35:09.716Z - info: Couldn't tickle MS: Cannot read property 'maybeTickleMS' of undefined
2017-04-27T16:36:08.540Z - info: Couldn't tickle MS: Cannot read property 'maybeTickleMS' of undefined
2017-04-27T16:37:08.543Z - info: Couldn't tickle MS: Cannot read property 'maybeTickleMS' of undefined
2017-04-27T16:38:08.548Z - info: Couldn't tickle MS: Cannot read property 'maybeTickleMS' of undefined
2017-04-27T16:39:08.559Z - info: Couldn't tickle MS: Cannot read property 'maybeTickleMS' of undefined
2017-04-27T16:40:08.566Z - info: Couldn't tickle MS: Cannot read property 'maybeTickleMS' of undefined
2017-04-27T16:41:08.569Z - info: Couldn't tickle MS: Cannot read property 'maybeTickleMS' of undefined
2017-04-27T16:42:08.581Z - info: Couldn't tickle MS: Cannot read property 'maybeTickleMS' of undefined
2017-04-27T16:43:08.587Z - info: Couldn't tickle MS: Cannot read property 'maybeTickleMS' of undefined
2017-04-27T16:44:08.593Z - info: Couldn't tickle MS: Cannot read property 'maybeTickleMS' of undefined
2017-04-27T16:45:08.596Z - info: Couldn't tickle MS: Cannot read property 'maybeTickleMS' of undefined
2017-04-27T16:46:08.603Z - info: Couldn't tickle MS: Cannot read property 'maybeTickleMS' of undefined
2017-04-27T16:47:08.612Z - info: Couldn't tickle MS: Cannot read property 'maybeTickleMS' of undefined
2017-04-27T16:48:08.620Z - info: Couldn't tickle MS: Cannot read property 'maybeTickleMS' of undefined
2017-04-27T16:49:08.629Z - info: Couldn't tickle MS: Cannot read property 'maybeTickleMS' of undefined
2017-04-27T16:50:08.632Z - info: Couldn't tickle MS: Cannot read property 'maybeTickleMS' of undefined
2017-04-27T16:51:09.237Z - info: Couldn't tickle MS: Cannot read property 'maybeTickleMS' of undefined
2017-04-27T16:52:10.241Z - info: Couldn't tickle MS: Cannot read property 'maybeTickleMS' of undefined
2017-04-27T16:53:11.236Z - info: Couldn't tickle MS: Cannot read property 'maybeTickleMS' of undefined
2017-04-27T16:54:12.239Z - info: Couldn't tickle MS: Cannot read property 'maybeTickleMS' of undefined
2017-04-27T16:55:13.240Z - info: Couldn't tickle MS: Cannot read property 'maybeTickleMS' of undefined
2017-04-27T16:56:14.242Z - info: Couldn't tickle MS: Cannot read property 'maybeTickleMS' of undefined
2017-04-27T16:57:14.243Z - info: Couldn't tickle MS: Cannot read property 'maybeTickleMS' of undefined
2017-04-27T16:58:14.247Z - info: Couldn't tickle MS: Cannot read property 'maybeTickleMS' of undefined
2017-04-27T16:59:14.254Z - info: Couldn't tickle MS: Cannot read property 'maybeTickleMS' of undefined
2017-04-27T17:00:14.259Z - info: Couldn't tickle MS: Cannot read property 'maybeTickleMS' of undefined
2017-04-27T17:01:14.266Z - info: Couldn't tickle MS: Cannot read property 'maybeTickleMS' of undefined
2017-04-27T17:02:14.273Z - info: Couldn't tickle MS: Cannot read property 'maybeTickleMS' of undefined
2017-04-27T17:03:14.277Z - info: Couldn't tickle MS: Cannot read property 'maybeTickleMS' of undefined
2017-04-27T17:04:14.284Z - info: Couldn't tickle MS: Cannot read property 'maybeTickleMS' of undefined
2017-04-27T17:05:14.288Z - info: Couldn't tickle MS: Cannot read property 'maybeTickleMS' of undefined
2017-04-27T17:06:14.294Z - info: Couldn't tickle MS: Cannot read property 'maybeTickleMS' of undefined
2017-04-27T17:07:14.300Z - info: Couldn't tickle MS: Cannot read property 'maybeTickleMS' of undefined
2017-04-27T17:08:14.304Z - info: Couldn't tickle MS: Cannot read property 'maybeTickleMS' of undefined
2017-04-27T17:09:14.315Z - info: Couldn't tickle MS: Cannot read property 'maybeTickleMS' of undefined
2017-04-27T17:10:14.324Z - info: Couldn't tickle MS: Cannot read property 'maybeTickleMS' of undefined
2017-04-27T17:11:14.326Z - info: Couldn't tickle MS: Cannot read property 'maybeTickleMS' of undefined
2017-04-27T17:12:14.336Z - info: Couldn't tickle MS: Cannot read property 'maybeTickleMS' of undefined
2017-04-27T17:13:14.340Z - info: Couldn't tickle MS: Cannot read property 'maybeTickleMS' of undefined
2017-04-27T17:14:14.348Z - info: Couldn't tickle MS: Cannot read property 'maybeTickleMS' of undefined
2017-04-27T17:15:14.355Z - info: Couldn't tickle MS: Cannot read property 'maybeTickleMS' of undefined
2017-04-27T17:16:14.360Z - info: Couldn't tickle MS: Cannot read property 'maybeTickleMS' of undefined
2017-04-27T17:17:14.367Z - info: Couldn't tickle MS: Cannot read property 'maybeTickleMS' of undefined
2017-04-27T17:18:14.387Z - info: Couldn't tickle MS: Cannot read property 'maybeTickleMS' of undefined
2017-04-27T17:19:14.390Z - info: Couldn't tickle MS: Cannot read property 'maybeTickleMS' of undefined
2017-04-27T17:20:14.400Z - info: Couldn't tickle MS: Cannot read property 'maybeTickleMS' of undefined
2017-04-27T17:21:15.239Z - info: Couldn't tickle MS: Cannot read property 'maybeTickleMS' of undefined
2017-04-27T17:22:15.243Z - info: Couldn't tickle MS: Cannot read property 'maybeTickleMS' of undefined
2017-04-27T17:23:15.258Z - info: Couldn't tickle MS: Cannot read property 'maybeTickleMS' of undefined
2017-04-27T17:24:15.266Z - info: Couldn't tickle MS: Cannot read property 'maybeTickleMS' of undefined
2017-04-27T17:25:15.278Z - info: Couldn't tickle MS: Cannot read property 'maybeTickleMS' of undefined
2017-04-27T17:26:15.285Z - info: Couldn't tickle MS: Cannot read property 'maybeTickleMS' of undefined
2017-04-27T17:27:15.292Z - info: Couldn't tickle MS: Cannot read property 'maybeTickleMS' of undefined
2017-04-27T17:28:15.298Z - info: Couldn't tickle MS: Cannot read property 'maybeTickleMS' of undefined
2017-04-27T17:29:15.305Z - info: Couldn't tickle MS: Cannot read property 'maybeTickleMS' of undefined
2017-04-27T17:30:15.311Z - info: Couldn't tickle MS: Cannot read property 'maybeTickleMS' of undefined
2017-04-27T17:31:15.321Z - info: Couldn't tickle MS: Cannot read property 'maybeTickleMS' of undefined
2017-04-27T17:32:15.328Z - info: Couldn't tickle MS: Cannot read property 'maybeTickleMS' of undefined
2017-04-27T17:33:15.333Z - info: Couldn't tickle MS: Cannot read property 'maybeTickleMS' of undefined
2017-04-27T17:34:15.341Z - info: Couldn't tickle MS: Cannot read property 'maybeTickleMS' of undefined
2017-04-27T17:35:15.349Z - info: Couldn't tickle MS: Cannot read property 'maybeTickleMS' of undefined
2017-04-27T17:36:15.357Z - info: Couldn't tickle MS: Cannot read property 'maybeTickleMS' of undefined
2017-04-27T17:37:15.366Z - info: Couldn't tickle MS: Cannot read property 'maybeTickleMS' of undefined
2017-04-27T17:38:15.372Z - info: Couldn't tickle MS: Cannot read property 'maybeTickleMS' of undefined
2017-04-27T17:39:15.383Z - info: Couldn't tickle MS: Cannot read property 'maybeTickleMS' of undefined
2017-04-27T17:40:15.385Z - info: Couldn't tickle MS: Cannot read property 'maybeTickleMS' of undefined
2017-04-27T17:41:15.394Z - info: Couldn't tickle MS: Cannot read property 'maybeTickleMS' of undefined
2017-04-27T17:42:15.400Z - info: Couldn't tickle MS: Cannot read property 'maybeTickleMS' of undefined
2017-04-27T17:43:15.405Z - info: Couldn't tickle MS: Cannot read property 'maybeTickleMS' of undefined
2017-04-27T17:44:15.417Z - info: Couldn't tickle MS: Cannot read property 'maybeTickleMS' of undefined
2017-04-27T17:45:15.423Z - info: Couldn't tickle MS: Cannot read property 'maybeTickleMS' of undefined
2017-04-27T17:46:15.428Z - info: Couldn't tickle MS: Cannot read property 'maybeTickleMS' of undefined
2017-04-27T17:47:15.435Z - info: Couldn't tickle MS: Cannot read property 'maybeTickleMS' of undefined
2017-04-27T17:48:16.243Z - info: Couldn't tickle MS: Cannot read property 'maybeTickleMS' of undefined
2017-04-27T17:49:17.239Z - info: Couldn't tickle MS: Cannot read property 'maybeTickleMS' of undefined
2017-04-27T17:50:18.241Z - info: Couldn't tickle MS: Cannot read property 'maybeTickleMS' of undefined
2017-04-27T17:51:19.248Z - info: Couldn't tickle MS: Cannot read property 'maybeTickleMS' of undefined
2017-04-27T17:52:20.242Z - info: Couldn't tickle MS: Cannot read property 'maybeTickleMS' of undefined
2017-04-27T17:53:21.236Z - info: Couldn't tickle MS: Cannot read property 'maybeTickleMS' of undefined
2017-04-27T17:54:22.245Z - info: Couldn't tickle MS: Cannot read property 'maybeTickleMS' of undefined
2017-04-27T17:55:23.239Z - info: Couldn't tickle MS: Cannot read property 'maybeTickleMS' of undefined
2017-04-27T17:56:24.237Z - info: Couldn't tickle MS: Cannot read property 'maybeTickleMS' of undefined
2017-04-27T17:57:25.238Z - info: Couldn't tickle MS: Cannot read property 'maybeTickleMS' of undefined
2017-04-27T17:58:26.239Z - info: Couldn't tickle MS: Cannot read property 'maybeTickleMS' of undefined
2017-04-27T17:59:27.243Z - info: Couldn't tickle MS: Cannot read property 'maybeTickleMS' of undefined
2017-04-27T18:00:28.241Z - info: Couldn't tickle MS: Cannot read property 'maybeTickleMS' of undefined
2017-04-27T18:01:29.239Z - info: Couldn't tickle MS: Cannot read property 'maybeTickleMS' of undefined
2017-04-27T18:02:30.245Z - info: Couldn't tickle MS: Cannot read property 'maybeTickleMS' of undefined
2017-04-27T18:03:31.243Z - info: Couldn't tickle MS: Cannot read property 'maybeTickleMS' of undefined
2017-04-27T18:04:32.243Z - info: Couldn't tickle MS: Cannot read property 'maybeTickleMS' of undefined
2017-04-27T18:05:33.244Z - info: Couldn't tickle MS: Cannot read property 'maybeTickleMS' of undefined
2017-04-27T18:06:34.239Z - info: Couldn't tickle MS: Cannot read property 'maybeTickleMS' of undefined
2017-04-27T18:07:35.236Z - info: Couldn't tickle MS: Cannot read property 'maybeTickleMS' of undefined
2017-04-27T18:08:36.240Z - info: Couldn't tickle MS: Cannot read property 'maybeTickleMS' of undefined
2017-04-27T18:09:37.238Z - info: Couldn't tickle MS: Cannot read property 'maybeTickleMS' of undefined
2017-04-27T18:10:38.237Z - info: Couldn't tickle MS: Cannot read property 'maybeTickleMS' of undefined
2017-04-27T18:11:39.239Z - info: Couldn't tickle MS: Cannot read property 'maybeTickleMS' of undefined
2017-04-27T18:12:40.242Z - info: Couldn't tickle MS: Cannot read property 'maybeTickleMS' of undefined
2017-04-27T18:13:41.239Z - info: Couldn't tickle MS: Cannot read property 'maybeTickleMS' of undefined
2017-04-27T18:14:42.239Z - info: Couldn't tickle MS: Cannot read property 'maybeTickleMS' of undefined
2017-04-27T18:15:43.239Z - info: Couldn't tickle MS: Cannot read property 'maybeTickleMS' of undefined
2017-04-27T18:16:44.244Z - info: Couldn't tickle MS: Cannot read property 'maybeTickleMS' of undefined
2017-04-27T18:17:45.239Z - info: Couldn't tickle MS: Cannot read property 'maybeTickleMS' of undefined
2017-04-27T18:18:46.239Z - info: Couldn't tickle MS: Cannot read property 'maybeTickleMS' of undefined
2017-04-27T18:19:47.242Z - info: Couldn't tickle MS: Cannot read property 'maybeTickleMS' of undefined
2017-04-27T18:20:48.239Z - info: Couldn't tickle MS: Cannot read property 'maybeTickleMS' of undefined
2017-04-27T18:21:49.240Z - info: Couldn't tickle MS: Cannot read property 'maybeTickleMS' of undefined
2017-04-27T18:22:50.240Z - info: Couldn't tickle MS: Cannot read property 'maybeTickleMS' of undefined
2017-04-27T18:23:51.239Z - info: Couldn't tickle MS: Cannot read property 'maybeTickleMS' of undefined
2017-04-27T18:24:51.257Z - info: Couldn't tickle MS: Cannot read property 'maybeTickleMS' of undefined
2017-04-27T18:25:51.264Z - info: Couldn't tickle MS: Cannot read property 'maybeTickleMS' of undefined
2017-04-27T18:26:51.272Z - info: Couldn't tickle MS: Cannot read property 'maybeTickleMS' of undefined
2017-04-27T18:27:51.277Z - info: Couldn't tickle MS: Cannot read property 'maybeTickleMS' of undefined
2017-04-27T18:28:51.283Z - info: Couldn't tickle MS: Cannot read property 'maybeTickleMS' of undefined
2017-04-27T18:29:51.291Z - info: Couldn't tickle MS: Cannot read property 'maybeTickleMS' of undefined
2017-04-27T18:30:51.298Z - info: Couldn't tickle MS: Cannot read property 'maybeTickleMS' of undefined
2017-04-27T18:31:51.304Z - info: Couldn't tickle MS: Cannot read property 'maybeTickleMS' of undefined
2017-04-27T18:32:51.311Z - info: Couldn't tickle MS: Cannot read property 'maybeTickleMS' of undefined
2017-04-27T18:33:51.316Z - info: Couldn't tickle MS: Cannot read property 'maybeTickleMS' of undefined
2017-04-27T18:34:51.326Z - info: Couldn't tickle MS: Cannot read property 'maybeTickleMS' of undefined
2017-04-27T18:35:51.330Z - info: Couldn't tickle MS: Cannot read property 'maybeTickleMS' of undefined
2017-04-27T18:36:51.341Z - info: Couldn't tickle MS: Cannot read property 'maybeTickleMS' of undefined
2017-04-27T18:37:51.344Z - info: Couldn't tickle MS: Cannot read property 'maybeTickleMS' of undefined
2017-04-27T18:38:51.353Z - info: Couldn't tickle MS: Cannot read property 'maybeTickleMS' of undefined
2017-04-27T18:39:51.359Z - info: Couldn't tickle MS: Cannot read property 'maybeTickleMS' of undefined
2017-04-27T18:40:51.362Z - info: Couldn't tickle MS: Cannot read property 'maybeTickleMS' of undefined
2017-04-27T18:41:51.373Z - info: Couldn't tickle MS: Cannot read property 'maybeTickleMS' of undefined
2017-04-27T18:42:18.476Z - info: SELECT_TEAM : "T3T9JUKED"
2017-04-27T18:42:18.485Z - info: Team T02PG39GD was active for 7749234
2017-04-27T18:42:18.494Z - info: Restoring team hal0420
2017-04-27T18:42:45.107Z - info: SELECT_TEAM : "T02PG39GD"
2017-04-27T18:42:45.114Z - info: Team T3T9JUKED was active for 26629
2017-04-27T18:42:51.381Z - info: Couldn't tickle MS: Cannot read property 'maybeTickleMS' of undefined
2017-04-27T18:43:51.390Z - info: Couldn't tickle MS: Cannot read property 'maybeTickleMS' of undefined
2017-04-27T18:44:51.400Z - info: Couldn't tickle MS: Cannot read property 'maybeTickleMS' of undefined
2017-04-27T18:45:51.406Z - info: Couldn't tickle MS: Cannot read property 'maybeTickleMS' of undefined
2017-04-27T18:46:51.409Z - info: Couldn't tickle MS: Cannot read property 'maybeTickleMS' of undefined
2017-04-27T18:47:51.415Z - info: Couldn't tickle MS: Cannot read property 'maybeTickleMS' of undefined
2017-04-27T18:48:51.420Z - info: Couldn't tickle MS: Cannot read property 'maybeTickleMS' of undefined
2017-04-27T18:49:51.427Z - info: Couldn't tickle MS: Cannot read property 'maybeTickleMS' of undefined
2017-04-27T18:50:51.434Z - info: Couldn't tickle MS: Cannot read property 'maybeTickleMS' of undefined
2017-04-27T18:51:51.441Z - info: Couldn't tickle MS: Cannot read property 'maybeTickleMS' of undefined
2017-04-27T18:52:51.446Z - info: Couldn't tickle MS: Cannot read property 'maybeTickleMS' of undefined
2017-04-27T18:53:51.457Z - info: Couldn't tickle MS: Cannot read property 'maybeTickleMS' of undefined
2017-04-27T18:54:51.463Z - info: Couldn't tickle MS: Cannot read property 'maybeTickleMS' of undefined
2017-04-27T18:55:51.466Z - info: Couldn't tickle MS: Cannot read property 'maybeTickleMS' of undefined
2017-04-27T18:56:51.473Z - info: Couldn't tickle MS: Cannot read property 'maybeTickleMS' of undefined
2017-04-27T18:57:51.479Z - info: Couldn't tickle MS: Cannot read property 'maybeTickleMS' of undefined
2017-04-27T18:58:51.485Z - info: Couldn't tickle MS: Cannot read property 'maybeTickleMS' of undefined
2017-04-27T18:59:51.490Z - info: Couldn't tickle MS: Cannot read property 'maybeTickleMS' of undefined
2017-04-27T19:00:51.498Z - info: Couldn't tickle MS: Cannot read property 'maybeTickleMS' of undefined
2017-04-27T19:01:51.507Z - info: Couldn't tickle MS: Cannot read property 'maybeTickleMS' of undefined
2017-04-27T19:02:51.511Z - info: Couldn't tickle MS: Cannot read property 'maybeTickleMS' of undefined
2017-04-27T19:03:51.516Z - info: Couldn't tickle MS: Cannot read property 'maybeTickleMS' of undefined
2017-04-27T19:04:51.523Z - info: Couldn't tickle MS: Cannot read property 'maybeTickleMS' of undefined
2017-04-27T19:05:51.529Z - info: Couldn't tickle MS: Cannot read property 'maybeTickleMS' of undefined
2017-04-27T19:06:51.532Z - info: Couldn't tickle MS: Cannot read property 'maybeTickleMS' of undefined
2017-04-27T19:07:51.536Z - info: Couldn't tickle MS: Cannot read property 'maybeTickleMS' of undefined
2017-04-27T19:08:51.555Z - info: Couldn't tickle MS: Cannot read property 'maybeTickleMS' of undefined
2017-04-27T19:09:51.559Z - info: Couldn't tickle MS: Cannot read property 'maybeTickleMS' of undefined
2017-04-27T19:10:51.563Z - info: Couldn't tickle MS: Cannot read property 'maybeTickleMS' of undefined
2017-04-27T19:11:51.573Z - info: Couldn't tickle MS: Cannot read property 'maybeTickleMS' of undefined
2017-04-27T19:12:51.578Z - info: Couldn't tickle MS: Cannot read property 'maybeTickleMS' of undefined
2017-04-27T19:13:51.582Z - info: Couldn't tickle MS: Cannot read property 'maybeTickleMS' of undefined
2017-04-27T19:14:51.591Z - info: Couldn't tickle MS: Cannot read property 'maybeTickleMS' of undefined
2017-04-27T19:15:51.599Z - info: Couldn't tickle MS: Cannot read property 'maybeTickleMS' of undefined
2017-04-27T19:16:51.603Z - info: Couldn't tickle MS: Cannot read property 'maybeTickleMS' of undefined
2017-04-27T19:17:51.609Z - info: Couldn't tickle MS: Cannot read property 'maybeTickleMS' of undefined
2017-04-27T19:18:51.613Z - info: Couldn't tickle MS: Cannot read property 'maybeTickleMS' of undefined
2017-04-27T19:19:51.621Z - info: Couldn't tickle MS: Cannot read property 'maybeTickleMS' of undefined
2017-04-27T19:20:51.628Z - info: Couldn't tickle MS: Cannot read property 'maybeTickleMS' of undefined
2017-04-27T19:21:51.638Z - info: Couldn't tickle MS: Cannot read property 'maybeTickleMS' of undefined
2017-04-27T19:22:51.640Z - info: Couldn't tickle MS: Cannot read property 'maybeTickleMS' of undefined
2017-04-27T19:23:51.647Z - info: Couldn't tickle MS: Cannot read property 'maybeTickleMS' of undefined
2017-04-27T19:24:51.654Z - info: Couldn't tickle MS: Cannot read property 'maybeTickleMS' of undefined
2017-04-27T19:25:51.662Z - info: Couldn't tickle MS: Cannot read property 'maybeTickleMS' of undefined
2017-04-27T19:26:51.669Z - info: Couldn't tickle MS: Cannot read property 'maybeTickleMS' of undefined
2017-04-27T19:27:51.673Z - info: Couldn't tickle MS: Cannot read property 'maybeTickleMS' of undefined
2017-04-27T19:28:51.677Z - info: Couldn't tickle MS: Cannot read property 'maybeTickleMS' of undefined
2017-04-27T19:29:51.685Z - info: Couldn't tickle MS: Cannot read property 'maybeTickleMS' of undefined
2017-04-27T19:30:51.691Z - info: Couldn't tickle MS: Cannot read property 'maybeTickleMS' of undefined
2017-04-27T19:31:51.697Z - info: Couldn't tickle MS: Cannot read property 'maybeTickleMS' of undefined
2017-04-27T19:32:51.705Z - info: Couldn't tickle MS: Cannot read property 'maybeTickleMS' of undefined
2017-04-27T19:33:51.707Z - info: Couldn't tickle MS: Cannot read property 'maybeTickleMS' of undefined
2017-04-27T19:34:51.713Z - info: Couldn't tickle MS: Cannot read property 'maybeTickleMS' of undefined
2017-04-27T19:35:51.716Z - info: Couldn't tickle MS: Cannot read property 'maybeTickleMS' of undefined
2017-04-27T19:36:51.720Z - info: Couldn't tickle MS: Cannot read property 'maybeTickleMS' of undefined
2017-04-27T19:37:51.726Z - info: Couldn't tickle MS: Cannot read property 'maybeTickleMS' of undefined
2017-04-27T19:38:51.730Z - info: Couldn't tickle MS: Cannot read property 'maybeTickleMS' of undefined
2017-04-27T19:39:51.740Z - info: Couldn't tickle MS: Cannot read property 'maybeTickleMS' of undefined
2017-04-27T19:40:51.748Z - info: Couldn't tickle MS: Cannot read property 'maybeTickleMS' of undefined
2017-04-27T19:41:51.753Z - info: Couldn't tickle MS: Cannot read property 'maybeTickleMS' of undefined
2017-04-27T19:42:51.765Z - info: Couldn't tickle MS: Cannot read property 'maybeTickleMS' of undefined
2017-04-27T19:43:51.769Z - info: Couldn't tickle MS: Cannot read property 'maybeTickleMS' of undefined
2017-04-27T19:44:51.773Z - info: Couldn't tickle MS: Cannot read property 'maybeTickleMS' of undefined
2017-04-27T19:45:51.779Z - info: Couldn't tickle MS: Cannot read property 'maybeTickleMS' of undefined
2017-04-27T19:46:51.789Z - info: Couldn't tickle MS: Cannot read property 'maybeTickleMS' of undefined
2017-04-27T19:47:51.793Z - info: Couldn't tickle MS: Cannot read property 'maybeTickleMS' of undefined
2017-04-27T19:48:51.796Z - info: Couldn't tickle MS: Cannot read property 'maybeTickleMS' of undefined
2017-04-27T19:49:51.802Z - info: Couldn't tickle MS: Cannot read property 'maybeTickleMS' of undefined
2017-04-27T19:50:51.808Z - info: Couldn't tickle MS: Cannot read property 'maybeTickleMS' of undefined
2017-04-27T19:51:51.816Z - info: Couldn't tickle MS: Cannot read property 'maybeTickleMS' of undefined
2017-04-27T19:52:51.821Z - info: Couldn't tickle MS: Cannot read property 'maybeTickleMS' of undefined
2017-04-27T19:53:51.827Z - info: Couldn't tickle MS: Cannot read property 'maybeTickleMS' of undefined
2017-04-27T19:54:51.839Z - info: Couldn't tickle MS: Cannot read property 'maybeTickleMS' of undefined
2017-04-27T19:55:51.844Z - info: Couldn't tickle MS: Cannot read property 'maybeTickleMS' of undefined
2017-04-27T19:56:51.849Z - info: Couldn't tickle MS: Cannot read property 'maybeTickleMS' of undefined
2017-04-27T19:57:51.857Z - info: Couldn't tickle MS: Cannot read property 'maybeTickleMS' of undefined
2017-04-27T19:58:51.863Z - info: Couldn't tickle MS: Cannot read property 'maybeTickleMS' of undefined
2017-04-27T19:59:51.871Z - info: Couldn't tickle MS: Cannot read property 'maybeTickleMS' of undefined
2017-04-27T20:00:51.875Z - info: Couldn't tickle MS: Cannot read property 'maybeTickleMS' of undefined
2017-04-27T20:01:51.881Z - info: Couldn't tickle MS: Cannot read property 'maybeTickleMS' of undefined
2017-04-27T20:02:51.892Z - info: Couldn't tickle MS: Cannot read property 'maybeTickleMS' of undefined
2017-04-27T20:03:51.902Z - info: Couldn't tickle MS: Cannot read property 'maybeTickleMS' of undefined
2017-04-27T20:04:51.907Z - info: Couldn't tickle MS: Cannot read property 'maybeTickleMS' of undefined
2017-04-27T20:05:51.916Z - info: Couldn't tickle MS: Cannot read property 'maybeTickleMS' of undefined
2017-04-27T20:06:51.936Z - info: Couldn't tickle MS: Cannot read property 'maybeTickleMS' of undefined
2017-04-27T20:07:51.946Z - info: Couldn't tickle MS: Cannot read property 'maybeTickleMS' of undefined
2017-04-27T20:08:51.949Z - info: Couldn't tickle MS: Cannot read property 'maybeTickleMS' of undefined
2017-04-27T20:09:51.961Z - info: Couldn't tickle MS: Cannot read property 'maybeTickleMS' of undefined
2017-04-27T20:10:51.969Z - info: Couldn't tickle MS: Cannot read property 'maybeTickleMS' of undefined
2017-04-27T20:11:51.980Z - info: Couldn't tickle MS: Cannot read property 'maybeTickleMS' of undefined
2017-04-27T20:12:51.991Z - info: Couldn't tickle MS: Cannot read property 'maybeTickleMS' of undefined
2017-04-27T20:13:51.995Z - info: Couldn't tickle MS: Cannot read property 'maybeTickleMS' of undefined
2017-04-27T20:14:52.005Z - info: Couldn't tickle MS: Cannot read property 'maybeTickleMS' of undefined
2017-04-27T20:15:52.011Z - info: Couldn't tickle MS: Cannot read property 'maybeTickleMS' of undefined
2017-04-27T20:16:52.020Z - info: Couldn't tickle MS: Cannot read property 'maybeTickleMS' of undefined
2017-04-27T20:17:52.032Z - info: Couldn't tickle MS: Cannot read property 'maybeTickleMS' of undefined
2017-04-27T20:18:52.039Z - info: Couldn't tickle MS: Cannot read property 'maybeTickleMS' of undefined
2017-04-27T20:19:52.050Z - info: Couldn't tickle MS: Cannot read property 'maybeTickleMS' of undefined
2017-04-27T20:20:52.056Z - info: Couldn't tickle MS: Cannot read property 'maybeTickleMS' of undefined
2017-04-27T20:21:52.061Z - info: Couldn't tickle MS: Cannot read property 'maybeTickleMS' of undefined
2017-04-27T20:22:52.068Z - info: Couldn't tickle MS: Cannot read property 'maybeTickleMS' of undefined
2017-04-27T20:23:52.072Z - info: Couldn't tickle MS: Cannot read property 'maybeTickleMS' of undefined
2017-04-27T20:24:52.083Z - info: Couldn't tickle MS: Cannot read property 'maybeTickleMS' of undefined
2017-04-27T20:25:52.092Z - info: Couldn't tickle MS: Cannot read property 'maybeTickleMS' of undefined
2017-04-27T20:26:52.096Z - info: Couldn't tickle MS: Cannot read property 'maybeTickleMS' of undefined
2017-04-27T20:27:52.104Z - info: Couldn't tickle MS: Cannot read property 'maybeTickleMS' of undefined
2017-04-27T20:28:52.111Z - info: Couldn't tickle MS: Cannot read property 'maybeTickleMS' of undefined
2017-04-27T20:29:52.122Z - info: Couldn't tickle MS: Cannot read property 'maybeTickleMS' of undefined
2017-04-27T20:30:52.127Z - info: Couldn't tickle MS: Cannot read property 'maybeTickleMS' of undefined
2017-04-27T20:31:52.135Z - info: Couldn't tickle MS: Cannot read property 'maybeTickleMS' of undefined
2017-04-27T20:32:52.148Z - info: Couldn't tickle MS: Cannot read property 'maybeTickleMS' of undefined
2017-04-27T20:33:52.153Z - info: Couldn't tickle MS: Cannot read property 'maybeTickleMS' of undefined
2017-04-27T20:34:52.158Z - info: Couldn't tickle MS: Cannot read property 'maybeTickleMS' of undefined
2017-04-27T20:35:52.167Z - info: Couldn't tickle MS: Cannot read property 'maybeTickleMS' of undefined
2017-04-27T20:36:52.169Z - info: Couldn't tickle MS: Cannot read property 'maybeTickleMS' of undefined
2017-04-27T20:37:52.173Z - info: Couldn't tickle MS: Cannot read property 'maybeTickleMS' of undefined
2017-04-27T20:38:52.185Z - info: Couldn't tickle MS: Cannot read property 'maybeTickleMS' of undefined
2017-04-27T20:39:52.191Z - info: Couldn't tickle MS: Cannot read property 'maybeTickleMS' of undefined
2017-04-27T20:40:52.197Z - info: Couldn't tickle MS: Cannot read property 'maybeTickleMS' of undefined
2017-04-27T20:41:52.201Z - info: Couldn't tickle MS: Cannot read property 'maybeTickleMS' of undefined
2017-04-27T20:42:52.210Z - info: Couldn't tickle MS: Cannot read property 'maybeTickleMS' of undefined
2017-04-27T20:43:52.213Z - info: Couldn't tickle MS: Cannot read property 'maybeTickleMS' of undefined
2017-04-27T20:44:52.219Z - info: Couldn't tickle MS: Cannot read property 'maybeTickleMS' of undefined
2017-04-27T20:45:52.226Z - info: Couldn't tickle MS: Cannot read property 'maybeTickleMS' of undefined
2017-04-27T20:46:52.234Z - info: Couldn't tickle MS: Cannot read property 'maybeTickleMS' of undefined
2017-04-27T20:47:52.237Z - info: Couldn't tickle MS: Cannot read property 'maybeTickleMS' of undefined
2017-04-27T20:48:52.245Z - info: Couldn't tickle MS: Cannot read property 'maybeTickleMS' of undefined
2017-04-27T20:49:52.250Z - info: Couldn't tickle MS: Cannot read property 'maybeTickleMS' of undefined
2017-04-27T20:50:52.258Z - info: Couldn't tickle MS: Cannot read property 'maybeTickleMS' of undefined
2017-04-27T20:51:53.243Z - info: Couldn't tickle MS: Cannot read property 'maybeTickleMS' of undefined
2017-04-27T20:52:54.238Z - info: Couldn't tickle MS: Cannot read property 'maybeTickleMS' of undefined
2017-04-27T20:53:55.247Z - info: Couldn't tickle MS: Cannot read property 'maybeTickleMS' of undefined
2017-04-27T20:54:56.242Z - info: Couldn't tickle MS: Cannot read property 'maybeTickleMS' of undefined
2017-04-27T20:55:57.241Z - info: Couldn't tickle MS: Cannot read property 'maybeTickleMS' of undefined
2017-04-27T20:56:58.241Z - info: Couldn't tickle MS: Cannot read property 'maybeTickleMS' of undefined
2017-04-27T20:57:59.238Z - info: Couldn't tickle MS: Cannot read property 'maybeTickleMS' of undefined
2017-04-27T20:59:00.237Z - info: Couldn't tickle MS: Cannot read property 'maybeTickleMS' of undefined
2017-04-27T21:00:01.240Z - info: Couldn't tickle MS: Cannot read property 'maybeTickleMS' of undefined
2017-04-27T21:01:02.240Z - info: Couldn't tickle MS: Cannot read property 'maybeTickleMS' of undefined
2017-04-27T21:02:03.236Z - info: Couldn't tickle MS: Cannot read property 'maybeTickleMS' of undefined
2017-04-27T21:03:04.236Z - info: Couldn't tickle MS: Cannot read property 'maybeTickleMS' of undefined
2017-04-27T21:04:04.243Z - info: Couldn't tickle MS: Cannot read property 'maybeTickleMS' of undefined
2017-04-27T21:05:04.249Z - info: Couldn't tickle MS: Cannot read property 'maybeTickleMS' of undefined
2017-04-27T21:06:04.257Z - info: Couldn't tickle MS: Cannot read property 'maybeTickleMS' of undefined
2017-04-27T21:07:04.262Z - info: Couldn't tickle MS: Cannot read property 'maybeTickleMS' of undefined
2017-04-27T21:08:04.270Z - info: Couldn't tickle MS: Cannot read property 'maybeTickleMS' of undefined
2017-04-27T21:09:04.277Z - info: Couldn't tickle MS: Cannot read property 'maybeTickleMS' of undefined
2017-04-27T21:10:04.287Z - info: Couldn't tickle MS: Cannot read property 'maybeTickleMS' of undefined
2017-04-27T21:11:04.302Z - info: Couldn't tickle MS: Cannot read property 'maybeTickleMS' of undefined
2017-04-27T21:12:04.309Z - info: Couldn't tickle MS: Cannot read property 'maybeTickleMS' of undefined
2017-04-27T21:13:04.314Z - info: Couldn't tickle MS: Cannot read property 'maybeTickleMS' of undefined
2017-04-27T21:14:04.324Z - info: Couldn't tickle MS: Cannot read property 'maybeTickleMS' of undefined
2017-04-27T21:15:04.372Z - info: Couldn't tickle MS: Cannot read property 'maybeTickleMS' of undefined
2017-04-27T21:16:04.394Z - info: Couldn't tickle MS: Cannot read property 'maybeTickleMS' of undefined
2017-04-27T21:17:04.402Z - info: Couldn't tickle MS: Cannot read property 'maybeTickleMS' of undefined
2017-04-27T21:18:04.410Z - info: Couldn't tickle MS: Cannot read property 'maybeTickleMS' of undefined
2017-04-27T21:19:04.470Z - info: Couldn't tickle MS: Cannot read property 'maybeTickleMS' of undefined
2017-04-27T21:20:04.476Z - info: Couldn't tickle MS: Cannot read property 'maybeTickleMS' of undefined
2017-04-27T21:21:04.482Z - info: Couldn't tickle MS: Cannot read property 'maybeTickleMS' of undefined
2017-04-27T21:22:04.486Z - info: Couldn't tickle MS: Cannot read property 'maybeTickleMS' of undefined
2017-04-27T21:23:04.495Z - info: Couldn't tickle MS: Cannot read property 'maybeTickleMS' of undefined
2017-04-27T21:24:04.523Z - info: Couldn't tickle MS: Cannot read property 'maybeTickleMS' of undefined
2017-04-27T21:25:04.509Z - info: Couldn't tickle MS: Cannot read property 'maybeTickleMS' of undefined
2017-04-27T21:26:04.519Z - info: Couldn't tickle MS: Cannot read property 'maybeTickleMS' of undefined
2017-04-27T21:27:04.526Z - info: Couldn't tickle MS: Cannot read property 'maybeTickleMS' of undefined
2017-04-27T21:28:04.531Z - info: Couldn't tickle MS: Cannot read property 'maybeTickleMS' of undefined
2017-04-27T21:29:04.538Z - info: Couldn't tickle MS: Cannot read property 'maybeTickleMS' of undefined
2017-04-27T21:30:04.549Z - info: Couldn't tickle MS: Cannot read property 'maybeTickleMS' of undefined
2017-04-27T21:31:04.556Z - info: Couldn't tickle MS: Cannot read property 'maybeTickleMS' of undefined
2017-04-27T21:32:04.617Z - info: Couldn't tickle MS: Cannot read property 'maybeTickleMS' of undefined
2017-04-27T21:33:04.685Z - info: Couldn't tickle MS: Cannot read property 'maybeTickleMS' of undefined
2017-04-27T21:34:04.689Z - info: Couldn't tickle MS: Cannot read property 'maybeTickleMS' of undefined
2017-04-27T21:35:04.695Z - info: Couldn't tickle MS: Cannot read property 'maybeTickleMS' of undefined
2017-04-27T21:36:04.698Z - info: Couldn't tickle MS: Cannot read property 'maybeTickleMS' of undefined
2017-04-27T21:37:04.706Z - info: Couldn't tickle MS: Cannot read property 'maybeTickleMS' of undefined
2017-04-27T21:38:04.711Z - info: Couldn't tickle MS: Cannot read property 'maybeTickleMS' of undefined
2017-04-27T21:39:04.726Z - info: Couldn't tickle MS: Cannot read property 'maybeTickleMS' of undefined
2017-04-27T21:40:04.727Z - info: Couldn't tickle MS: Cannot read property 'maybeTickleMS' of undefined
2017-04-27T21:41:04.737Z - info: Couldn't tickle MS: Cannot read property 'maybeTickleMS' of undefined
2017-04-27T21:42:04.742Z - info: Couldn't tickle MS: Cannot read property 'maybeTickleMS' of undefined
2017-04-27T21:43:04.752Z - info: Couldn't tickle MS: Cannot read property 'maybeTickleMS' of undefined
2017-04-27T21:44:04.759Z - info: Couldn't tickle MS: Cannot read property 'maybeTickleMS' of undefined
2017-04-27T21:45:04.766Z - info: Couldn't tickle MS: Cannot read property 'maybeTickleMS' of undefined
2017-04-27T21:46:04.775Z - info: Couldn't tickle MS: Cannot read property 'maybeTickleMS' of undefined
2017-04-27T21:47:04.782Z - info: Couldn't tickle MS: Cannot read property 'maybeTickleMS' of undefined
2017-04-27T21:48:04.788Z - info: Couldn't tickle MS: Cannot read property 'maybeTickleMS' of undefined
2017-04-27T21:49:04.795Z - info: Couldn't tickle MS: Cannot read property 'maybeTickleMS' of undefined
2017-04-27T21:50:04.802Z - info: Couldn't tickle MS: Cannot read property 'maybeTickleMS' of undefined
2017-04-27T21:51:04.809Z - info: Couldn't tickle MS: Cannot read property 'maybeTickleMS' of undefined
2017-04-27T21:52:04.816Z - info: Couldn't tickle MS: Cannot read property 'maybeTickleMS' of undefined
2017-04-27T21:53:04.823Z - info: Couldn't tickle MS: Cannot read property 'maybeTickleMS' of undefined
2017-04-27T21:54:04.830Z - info: Couldn't tickle MS: Cannot read property 'maybeTickleMS' of undefined
2017-04-27T21:55:04.840Z - info: Couldn't tickle MS: Cannot read property 'maybeTickleMS' of undefined
2017-04-27T21:56:04.845Z - info: Couldn't tickle MS: Cannot read property 'maybeTickleMS' of undefined
2017-04-27T21:57:04.856Z - info: Couldn't tickle MS: Cannot read property 'maybeTickleMS' of undefined
2017-04-27T21:58:04.861Z - info: Couldn't tickle MS: Cannot read property 'maybeTickleMS' of undefined
2017-04-27T21:59:04.865Z - info: Couldn't tickle MS: Cannot read property 'maybeTickleMS' of undefined
2017-04-27T22:00:04.876Z - info: Couldn't tickle MS: Cannot read property 'maybeTickleMS' of undefined
2017-04-27T22:01:04.884Z - info: Couldn't tickle MS: Cannot read property 'maybeTickleMS' of undefined
2017-04-27T22:02:04.890Z - info: Couldn't tickle MS: Cannot read property 'maybeTickleMS' of undefined
2017-04-27T22:03:04.895Z - info: Couldn't tickle MS: Cannot read property 'maybeTickleMS' of undefined
2017-04-27T22:04:04.902Z - info: Couldn't tickle MS: Cannot read property 'maybeTickleMS' of undefined
2017-04-27T22:05:04.909Z - info: Couldn't tickle MS: Cannot read property 'maybeTickleMS' of undefined
2017-04-27T22:06:04.915Z - info: Couldn't tickle MS: Cannot read property 'maybeTickleMS' of undefined
2017-04-27T22:07:04.922Z - info: Couldn't tickle MS: Cannot read property 'maybeTickleMS' of undefined
2017-04-27T22:08:04.930Z - info: Couldn't tickle MS: Cannot read property 'maybeTickleMS' of undefined
2017-04-27T22:09:04.940Z - info: Couldn't tickle MS: Cannot read property 'maybeTickleMS' of undefined
2017-04-27T22:10:05.015Z - info: Couldn't tickle MS: Cannot read property 'maybeTickleMS' of undefined
2017-04-27T22:11:05.015Z - info: Couldn't tickle MS: Cannot read property 'maybeTickleMS' of undefined
2017-04-27T22:12:05.060Z - info: Couldn't tickle MS: Cannot read property 'maybeTickleMS' of undefined
2017-04-27T22:13:05.082Z - info: Couldn't tickle MS: Cannot read property 'maybeTickleMS' of undefined
2017-04-27T22:14:05.090Z - info: Couldn't tickle MS: Cannot read property 'maybeTickleMS' of undefined
2017-04-27T22:15:05.093Z - info: Couldn't tickle MS: Cannot read property 'maybeTickleMS' of undefined
2017-04-27T22:16:05.150Z - info: Couldn't tickle MS: Cannot read property 'maybeTickleMS' of undefined
2017-04-27T22:17:05.240Z - info: Couldn't tickle MS: Cannot read property 'maybeTickleMS' of undefined
2017-04-27T22:18:06.238Z - info: Couldn't tickle MS: Cannot read property 'maybeTickleMS' of undefined
2017-04-27T22:19:07.243Z - info: Couldn't tickle MS: Cannot read property 'maybeTickleMS' of undefined
2017-04-27T22:20:08.243Z - info: Couldn't tickle MS: Cannot read property 'maybeTickleMS' of undefined
2017-04-27T22:21:09.243Z - info: Couldn't tickle MS: Cannot read property 'maybeTickleMS' of undefined
2017-04-27T22:22:10.241Z - info: Couldn't tickle MS: Cannot read property 'maybeTickleMS' of undefined
2017-04-27T22:23:11.243Z - info: Couldn't tickle MS: Cannot read property 'maybeTickleMS' of undefined
2017-04-27T22:24:12.242Z - info: Couldn't tickle MS: Cannot read property 'maybeTickleMS' of undefined
2017-04-27T22:25:13.239Z - info: Couldn't tickle MS: Cannot read property 'maybeTickleMS' of undefined
2017-04-27T22:26:14.240Z - info: Couldn't tickle MS: Cannot read property 'maybeTickleMS' of undefined
2017-04-27T22:27:15.240Z - info: Couldn't tickle MS: Cannot read property 'maybeTickleMS' of undefined
2017-04-27T22:28:16.244Z - info: Couldn't tickle MS: Cannot read property 'maybeTickleMS' of undefined
2017-04-27T22:29:17.245Z - info: Couldn't tickle MS: Cannot read property 'maybeTickleMS' of undefined
2017-04-27T22:30:18.243Z - info: Couldn't tickle MS: Cannot read property 'maybeTickleMS' of undefined
2017-04-27T22:31:19.240Z - info: Couldn't tickle MS: Cannot read property 'maybeTickleMS' of undefined
2017-04-27T22:32:20.270Z - info: Couldn't tickle MS: Cannot read property 'maybeTickleMS' of undefined
2017-04-27T22:33:21.242Z - info: Couldn't tickle MS: Cannot read property 'maybeTickleMS' of undefined
2017-04-27T22:34:22.236Z - info: Couldn't tickle MS: Cannot read property 'maybeTickleMS' of undefined
2017-04-27T22:35:23.238Z - info: Couldn't tickle MS: Cannot read property 'maybeTickleMS' of undefined
2017-04-27T22:36:24.248Z - info: Couldn't tickle MS: Cannot read property 'maybeTickleMS' of undefined
2017-04-27T22:37:25.248Z - info: Couldn't tickle MS: Cannot read property 'maybeTickleMS' of undefined
2017-04-27T22:38:26.246Z - info: Couldn't tickle MS: Cannot read property 'maybeTickleMS' of undefined
2017-04-27T22:39:27.249Z - info: Couldn't tickle MS: Cannot read property 'maybeTickleMS' of undefined
2017-04-27T22:40:28.251Z - info: Couldn't tickle MS: Cannot read property 'maybeTickleMS' of undefined
2017-04-27T22:41:29.252Z - info: Couldn't tickle MS: Cannot read property 'maybeTickleMS' of undefined
2017-04-27T22:42:30.240Z - info: Couldn't tickle MS: Cannot read property 'maybeTickleMS' of undefined
2017-04-27T22:43:31.241Z - info: Couldn't tickle MS: Cannot read property 'maybeTickleMS' of undefined
2017-04-27T22:44:32.243Z - info: Couldn't tickle MS: Cannot read property 'maybeTickleMS' of undefined
2017-04-27T22:45:33.245Z - info: Couldn't tickle MS: Cannot read property 'maybeTickleMS' of undefined
2017-04-27T22:46:34.245Z - info: Couldn't tickle MS: Cannot read property 'maybeTickleMS' of undefined
2017-04-27T22:47:35.242Z - info: Couldn't tickle MS: Cannot read property 'maybeTickleMS' of undefined
2017-04-27T22:48:36.240Z - info: Couldn't tickle MS: Cannot read property 'maybeTickleMS' of undefined
2017-04-27T22:49:37.237Z - info: Couldn't tickle MS: Cannot read property 'maybeTickleMS' of undefined
2017-04-27T22:50:38.243Z - info: Couldn't tickle MS: Cannot read property 'maybeTickleMS' of undefined
2017-04-27T22:51:39.239Z - info: Couldn't tickle MS: Cannot read property 'maybeTickleMS' of undefined
2017-04-27T22:52:40.240Z - info: Couldn't tickle MS: Cannot read property 'maybeTickleMS' of undefined
2017-04-27T22:53:40.248Z - info: Couldn't tickle MS: Cannot read property 'maybeTickleMS' of undefined
2017-04-27T22:54:40.260Z - info: Couldn't tickle MS: Cannot read property 'maybeTickleMS' of undefined
2017-04-27T22:55:40.267Z - info: Couldn't tickle MS: Cannot read property 'maybeTickleMS' of undefined
2017-04-27T22:56:40.285Z - info: Couldn't tickle MS: Cannot read property 'maybeTickleMS' of undefined
2017-04-27T22:57:40.315Z - info: Couldn't tickle MS: Cannot read property 'maybeTickleMS' of undefined
2017-04-27T22:58:40.325Z - info: Couldn't tickle MS: Cannot read property 'maybeTickleMS' of undefined
2017-04-27T22:59:40.322Z - info: Couldn't tickle MS: Cannot read property 'maybeTickleMS' of undefined
2017-04-27T23:00:40.344Z - info: Couldn't tickle MS: Cannot read property 'maybeTickleMS' of undefined
2017-04-27T23:01:40.359Z - info: Couldn't tickle MS: Cannot read property 'maybeTickleMS' of undefined
2017-04-27T23:02:40.366Z - info: Couldn't tickle MS: Cannot read property 'maybeTickleMS' of undefined
2017-04-27T23:03:40.371Z - info: Couldn't tickle MS: Cannot read property 'maybeTickleMS' of undefined
2017-04-27T23:04:40.373Z - info: Couldn't tickle MS: Cannot read property 'maybeTickleMS' of undefined
2017-04-27T23:05:40.383Z - info: Couldn't tickle MS: Cannot read property 'maybeTickleMS' of undefined
2017-04-27T23:06:40.386Z - info: Couldn't tickle MS: Cannot read property 'maybeTickleMS' of undefined
2017-04-27T23:07:40.395Z - info: Couldn't tickle MS: Cannot read property 'maybeTickleMS' of undefined
2017-04-27T23:08:40.399Z - info: Couldn't tickle MS: Cannot read property 'maybeTickleMS' of undefined
2017-04-27T23:09:40.409Z - info: Couldn't tickle MS: Cannot read property 'maybeTickleMS' of undefined
2017-04-27T23:10:40.415Z - info: Couldn't tickle MS: Cannot read property 'maybeTickleMS' of undefined
2017-04-27T23:11:40.419Z - info: Couldn't tickle MS: Cannot read property 'maybeTickleMS' of undefined
2017-04-27T23:12:40.434Z - info: Couldn't tickle MS: Cannot read property 'maybeTickleMS' of undefined
2017-04-27T23:13:40.437Z - info: Couldn't tickle MS: Cannot read property 'maybeTickleMS' of undefined
2017-04-27T23:14:40.445Z - info: Couldn't tickle MS: Cannot read property 'maybeTickleMS' of undefined
2017-04-27T23:15:40.480Z - info: Couldn't tickle MS: Cannot read property 'maybeTickleMS' of undefined
2017-04-27T23:16:40.491Z - info: Couldn't tickle MS: Cannot read property 'maybeTickleMS' of undefined
2017-04-27T23:17:40.496Z - info: Couldn't tickle MS: Cannot read property 'maybeTickleMS' of undefined
2017-04-27T23:18:40.511Z - info: Couldn't tickle MS: Cannot read property 'maybeTickleMS' of undefined
2017-04-27T23:19:40.522Z - info: Couldn't tickle MS: Cannot read property 'maybeTickleMS' of undefined
2017-04-27T23:20:40.563Z - info: Couldn't tickle MS: Cannot read property 'maybeTickleMS' of undefined
2017-04-27T23:21:40.580Z - info: Couldn't tickle MS: Cannot read property 'maybeTickleMS' of undefined
2017-04-27T23:22:40.584Z - info: Couldn't tickle MS: Cannot read property 'maybeTickleMS' of undefined
2017-04-27T23:23:40.592Z - info: Couldn't tickle MS: Cannot read property 'maybeTickleMS' of undefined
2017-04-27T23:24:40.602Z - info: Couldn't tickle MS: Cannot read property 'maybeTickleMS' of undefined
2017-04-27T23:25:40.620Z - info: Couldn't tickle MS: Cannot read property 'maybeTickleMS' of undefined
2017-04-27T23:26:40.623Z - info: Couldn't tickle MS: Cannot read property 'maybeTickleMS' of undefined
2017-04-27T23:27:40.639Z - info: Couldn't tickle MS: Cannot read property 'maybeTickleMS' of undefined
2017-04-27T23:28:40.636Z - info: Couldn't tickle MS: Cannot read property 'maybeTickleMS' of undefined
2017-04-27T23:29:40.651Z - info: Couldn't tickle MS: Cannot read property 'maybeTickleMS' of undefined
2017-04-27T23:30:40.657Z - info: Couldn't tickle MS: Cannot read property 'maybeTickleMS' of undefined
2017-04-27T23:31:40.726Z - info: Couldn't tickle MS: Cannot read property 'maybeTickleMS' of undefined
2017-04-27T23:32:40.730Z - info: Couldn't tickle MS: Cannot read property 'maybeTickleMS' of undefined
2017-04-27T23:33:40.745Z - info: Couldn't tickle MS: Cannot read property 'maybeTickleMS' of undefined
2017-04-27T23:34:40.753Z - info: Couldn't tickle MS: Cannot read property 'maybeTickleMS' of undefined
2017-04-27T23:35:40.760Z - info: Couldn't tickle MS: Cannot read property 'maybeTickleMS' of undefined
2017-04-27T23:36:40.777Z - info: Couldn't tickle MS: Cannot read property 'maybeTickleMS' of undefined
2017-04-27T23:37:40.796Z - info: Couldn't tickle MS: Cannot read property 'maybeTickleMS' of undefined
2017-04-27T23:38:40.804Z - info: Couldn't tickle MS: Cannot read property 'maybeTickleMS' of undefined
2017-04-27T23:39:40.822Z - info: Couldn't tickle MS: Cannot read property 'maybeTickleMS' of undefined
2017-04-27T23:40:40.842Z - info: Couldn't tickle MS: Cannot read property 'maybeTickleMS' of undefined
2017-04-27T23:41:40.837Z - info: Couldn't tickle MS: Cannot read property 'maybeTickleMS' of undefined
2017-04-27T23:42:40.854Z - info: Couldn't tickle MS: Cannot read property 'maybeTickleMS' of undefined
2017-04-27T23:43:40.872Z - info: Couldn't tickle MS: Cannot read property 'maybeTickleMS' of undefined
2017-04-27T23:44:40.865Z - info: Couldn't tickle MS: Cannot read property 'maybeTickleMS' of undefined
2017-04-27T23:45:40.884Z - info: Couldn't tickle MS: Cannot read property 'maybeTickleMS' of undefined
2017-04-27T23:46:40.891Z - info: Couldn't tickle MS: Cannot read property 'maybeTickleMS' of undefined
2017-04-27T23:47:40.894Z - info: Couldn't tickle MS: Cannot read property 'maybeTickleMS' of undefined
2017-04-27T23:48:40.902Z - info: Couldn't tickle MS: Cannot read property 'maybeTickleMS' of undefined
2017-04-27T23:49:40.911Z - info: Couldn't tickle MS: Cannot read property 'maybeTickleMS' of undefined
2017-04-27T23:50:40.913Z - info: Couldn't tickle MS: Cannot read property 'maybeTickleMS' of undefined
2017-04-27T23:51:40.922Z - info: Couldn't tickle MS: Cannot read property 'maybeTickleMS' of undefined
2017-04-27T23:52:40.931Z - info: Couldn't tickle MS: Cannot read property 'maybeTickleMS' of undefined
2017-04-27T23:53:40.933Z - info: Couldn't tickle MS: Cannot read property 'maybeTickleMS' of undefined
2017-04-27T23:54:40.938Z - info: Couldn't tickle MS: Cannot read property 'maybeTickleMS' of undefined
2017-04-27T23:55:40.938Z - info: Couldn't tickle MS: Cannot read property 'maybeTickleMS' of undefined
2017-04-27T23:56:40.943Z - info: Couldn't tickle MS: Cannot read property 'maybeTickleMS' of undefined
2017-04-27T23:57:40.949Z - info: Couldn't tickle MS: Cannot read property 'maybeTickleMS' of undefined
2017-04-27T23:58:40.956Z - info: Couldn't tickle MS: Cannot read property 'maybeTickleMS' of undefined
2017-04-27T23:59:40.959Z - info: Couldn't tickle MS: Cannot read property 'maybeTickleMS' of undefined
2017-04-28T00:00:40.964Z - info: Couldn't tickle MS: Cannot read property 'maybeTickleMS' of undefined
2017-04-28T00:01:40.980Z - info: Couldn't tickle MS: Cannot read property 'maybeTickleMS' of undefined
2017-04-28T00:02:40.983Z - info: Couldn't tickle MS: Cannot read property 'maybeTickleMS' of undefined
2017-04-28T00:03:40.991Z - info: Couldn't tickle MS: Cannot read property 'maybeTickleMS' of undefined
2017-04-28T00:04:40.996Z - info: Couldn't tickle MS: Cannot read property 'maybeTickleMS' of undefined
2017-04-28T00:05:41.007Z - info: Couldn't tickle MS: Cannot read property 'maybeTickleMS' of undefined
2017-04-28T00:06:41.019Z - info: Couldn't tickle MS: Cannot read property 'maybeTickleMS' of undefined
2017-04-28T00:07:41.022Z - info: Couldn't tickle MS: Cannot read property 'maybeTickleMS' of undefined
2017-04-28T00:08:41.041Z - info: Couldn't tickle MS: Cannot read property 'maybeTickleMS' of undefined
2017-04-28T00:09:41.049Z - info: Couldn't tickle MS: Cannot read property 'maybeTickleMS' of undefined
2017-04-28T00:10:41.058Z - info: Couldn't tickle MS: Cannot read property 'maybeTickleMS' of undefined
2017-04-28T00:11:41.060Z - info: Couldn't tickle MS: Cannot read property 'maybeTickleMS' of undefined
2017-04-28T00:12:41.070Z - info: Couldn't tickle MS: Cannot read property 'maybeTickleMS' of undefined
2017-04-28T00:13:41.076Z - info: Couldn't tickle MS: Cannot read property 'maybeTickleMS' of undefined
2017-04-28T00:14:41.081Z - info: Couldn't tickle MS: Cannot read property 'maybeTickleMS' of undefined
2017-04-28T00:15:41.089Z - info: Couldn't tickle MS: Cannot read property 'maybeTickleMS' of undefined
2017-04-28T00:16:41.087Z - info: Couldn't tickle MS: Cannot read property 'maybeTickleMS' of undefined
2017-04-28T00:17:41.105Z - info: Couldn't tickle MS: Cannot read property 'maybeTickleMS' of undefined
2017-04-28T00:18:41.110Z - info: Couldn't tickle MS: Cannot read property 'maybeTickleMS' of undefined
2017-04-28T00:19:41.118Z - info: Couldn't tickle MS: Cannot read property 'maybeTickleMS' of undefined
2017-04-28T00:20:41.124Z - info: Couldn't tickle MS: Cannot read property 'maybeTickleMS' of undefined
2017-04-28T00:21:41.129Z - info: Couldn't tickle MS: Cannot read property 'maybeTickleMS' of undefined
2017-04-28T00:22:41.128Z - info: Couldn't tickle MS: Cannot read property 'maybeTickleMS' of undefined
2017-04-28T00:23:41.146Z - info: Couldn't tickle MS: Cannot read property 'maybeTickleMS' of undefined
2017-04-28T00:24:41.155Z - info: Couldn't tickle MS: Cannot read property 'maybeTickleMS' of undefined
2017-04-28T00:25:41.166Z - info: Couldn't tickle MS: Cannot read property 'maybeTickleMS' of undefined
2017-04-28T00:26:41.185Z - info: Couldn't tickle MS: Cannot read property 'maybeTickleMS' of undefined
2017-04-28T00:27:41.191Z - info: Couldn't tickle MS: Cannot read property 'maybeTickleMS' of undefined
2017-04-28T00:28:41.195Z - info: Couldn't tickle MS: Cannot read property 'maybeTickleMS' of undefined
2017-04-28T00:29:41.203Z - info: Couldn't tickle MS: Cannot read property 'maybeTickleMS' of undefined
2017-04-28T00:30:41.209Z - info: Couldn't tickle MS: Cannot read property 'maybeTickleMS' of undefined
2017-04-28T00:31:41.217Z - info: Couldn't tickle MS: Cannot read property 'maybeTickleMS' of undefined
2017-04-28T00:32:41.222Z - info: Couldn't tickle MS: Cannot read property 'maybeTickleMS' of undefined
2017-04-28T00:33:41.230Z - info: Couldn't tickle MS: Cannot read property 'maybeTickleMS' of undefined
2017-04-28T00:34:41.236Z - info: Couldn't tickle MS: Cannot read property 'maybeTickleMS' of undefined
2017-04-28T00:35:41.246Z - info: Couldn't tickle MS: Cannot read property 'maybeTickleMS' of undefined
2017-04-28T00:36:41.247Z - info: Couldn't tickle MS: Cannot read property 'maybeTickleMS' of undefined
2017-04-28T00:37:41.257Z - info: Couldn't tickle MS: Cannot read property 'maybeTickleMS' of undefined
2017-04-28T04:41:41.519Z - info: Couldn't tickle MS: Cannot read property 'maybeTickleMS' of undefined
2017-04-28T04:42:41.531Z - info: Couldn't tickle MS: Cannot read property 'maybeTickleMS' of undefined
2017-04-28T04:43:41.537Z - info: Couldn't tickle MS: Cannot read property 'maybeTickleMS' of undefined
2017-04-28T04:44:41.544Z - info: Couldn't tickle MS: Cannot read property 'maybeTickleMS' of undefined
2017-04-28T04:45:41.566Z - info: Couldn't tickle MS: Cannot read property 'maybeTickleMS' of undefined
2017-04-28T04:46:41.570Z - info: Couldn't tickle MS: Cannot read property 'maybeTickleMS' of undefined
2017-04-28T04:47:41.578Z - info: Couldn't tickle MS: Cannot read property 'maybeTickleMS' of undefined
2017-04-28T04:48:41.582Z - info: Couldn't tickle MS: Cannot read property 'maybeTickleMS' of undefined
2017-04-28T04:49:41.588Z - info: Couldn't tickle MS: Cannot read property 'maybeTickleMS' of undefined
2017-04-28T04:50:41.594Z - info: Couldn't tickle MS: Cannot read property 'maybeTickleMS' of undefined
2017-04-28T04:51:41.601Z - info: Couldn't tickle MS: Cannot read property 'maybeTickleMS' of undefined
2017-04-28T04:52:41.622Z - info: Couldn't tickle MS: Cannot read property 'maybeTickleMS' of undefined
2017-04-28T04:53:41.627Z - info: Couldn't tickle MS: Cannot read property 'maybeTickleMS' of undefined
